#
# There is insufficient memory for the Java Runtime Environment to continue.
# Native memory allocation (mmap) failed to map 65536 bytes for Failed to commit area from 0x0000023978a80000 to 0x0000023978a90000 of length 65536.
# Possible reasons:
#   The system is out of physical RAM or swap space
#   The process is running with CompressedOops enabled, and the Java Heap may be blocking the growth of the native heap
# Possible solutions:
#   Reduce memory load on the system
#   Increase physical memory or swap space
#   Check if swap backing store is full
#   Decrease Java heap size (-Xmx/-Xms)
#   Decrease number of Java threads
#   Decrease Java thread stack sizes (-Xss)
#   Set larger code cache with -XX:ReservedCodeCacheSize=
#   JVM is running with Unscaled Compressed Oops mode in which the Java heap is
#     placed in the first 4GB address space. The Java Heap base address is the
#     maximum limit for the native heap growth. Please use -XX:HeapBaseMinAddress
#     to set the Java Heap base and to place the Java Heap above 4GB virtual address.
# This output file may be truncated or incomplete.
#
#  Out of Memory Error (src/hotspot/os/windows/os_windows.cpp:3627), pid=9172, tid=10980
#
# JRE version: OpenJDK Runtime Environment (11.0.15) (build 11.0.15+0-b2043.56-9505619)
# Java VM: OpenJDK 64-Bit Server VM (11.0.15+0-b2043.56-9505619, mixed mode, tiered, compressed oops, g1 gc, windows-amd64)
# No core dump will be written. Minidumps are not enabled by default on client versions of Windows
#

---------------  S U M M A R Y ------------

Command Line: --add-opens=java.base/java.util=ALL-UNNAMED --add-opens=java.base/java.lang=ALL-UNNAMED --add-opens=java.base/java.lang.invoke=ALL-UNNAMED --add-opens=java.base/java.util=ALL-UNNAMED --add-opens=java.prefs/java.util.prefs=ALL-UNNAMED --add-opens=java.prefs/java.util.prefs=ALL-UNNAMED --add-opens=java.base/java.nio.charset=ALL-UNNAMED --add-opens=java.base/java.net=ALL-UNNAMED --add-opens=java.base/java.util.concurrent.atomic=ALL-UNNAMED -Xmx2048m -Dfile.encoding=UTF-8 -Duser.country=IN -Duser.language=en -Duser.variant org.gradle.launcher.daemon.bootstrap.GradleDaemon 7.5

Host: Intel(R) Core(TM) i7-1065G7 CPU @ 1.30GHz, 8 cores, 7G,  Windows 11 , 64 bit Build 22000 (10.0.22000.1880)
Time: Thu Jul 13 18:15:50 2023 India Standard Time elapsed time: 47.228862 seconds (0d 0h 0m 47s)

---------------  T H R E A D  ---------------

Current thread (0x000002397cf59000):  VMThread "VM Thread" [stack: 0x00000076f7a00000,0x00000076f7b00000] [id=10980]

Stack: [0x00000076f7a00000,0x00000076f7b00000]
[error occurred during error reporting (printing stack bounds), id 0xc0000005, EXCEPTION_ACCESS_VIOLATION (0xc0000005) at pc=0x00000239000012e7]

Native frames: (J=compiled Java code, j=interpreted, Vv=VM code, C=native code)
V  [jvm.dll+0x64135a]
V  [jvm.dll+0x7d39f9]
V  [jvm.dll+0x7d51b9]
V  [jvm.dll+0x7d5805]
V  [jvm.dll+0x7d57bb]
V  [jvm.dll+0x640655]
V  [jvm.dll+0x640d68]
C  [ntdll.dll+0xa8b6f]
C  [ntdll.dll+0x35b9a]
C  [ntdll.dll+0xa7b7e]
C  0x00000239000012e7

VM_Operation (0x00000076817fe3f0): G1CollectForAllocation, mode: safepoint, requested by thread 0x000002391381d000


---------------  P R O C E S S  ---------------

Threads class SMR info:
_java_thread_list=0x0000023913e20590, length=148, elements={
0x0000023971a71000, 0x000002397cf5d000, 0x000002397cf5e800, 0x000002397d7bf800,
0x000002397d7c0800, 0x000002397d7c1800, 0x000002397d7c4000, 0x000002397d7c9800,
0x000002397d7d3800, 0x000002397d930800, 0x000002390f98f800, 0x00000239101b2000,
0x00000239101b3800, 0x00000239101b2800, 0x00000239101b1000, 0x00000239101b4800,
0x00000239101ae800, 0x00000239101b0800, 0x00000239101b5000, 0x00000239101af800,
0x000002390f5e6000, 0x000002390f5e2800, 0x000002390f5e2000, 0x000002390f5e5000,
0x000002390f5e3800, 0x000002390f5e4800, 0x000002390f5e0800, 0x000002390f5e7000,
0x000002390f5e1000, 0x000002390f5e8800, 0x000002390f5eb800, 0x000002390f5ec800,
0x000002390f5ed800, 0x000002390f5ea000, 0x000002390f5eb000, 0x0000023912797000,
0x0000023912793800, 0x0000023912798000, 0x0000023912798800, 0x0000023912799800,
0x000002391279a000, 0x0000023912794800, 0x000002391279b000, 0x0000023912795800,
0x000002391279c000, 0x0000023912796000, 0x00000239127a1800, 0x00000239127a0800,
0x00000239127a0000, 0x000002391279c800, 0x00000239127a2800, 0x000002391279d800,
0x000002391279e800, 0x000002391279f000, 0x000002390f4e2000, 0x000002390f4e3000,
0x000002390f4e1000, 0x000002390f4e3800, 0x000002390f4de800, 0x000002390f4e0800,
0x000002390f4de000, 0x000002390f4e4800, 0x000002390f4df800, 0x000002390f4e6000,
0x000002390f4eb000, 0x000002390f4e7000, 0x000002390f4e5800, 0x000002390f4ec000,
0x000002390f4e7800, 0x000002390f4ec800, 0x000002390f4e8800, 0x000002390f4e9800,
0x000002390f4ea000, 0x000002397e022800, 0x000002397e025000, 0x000002397e024000,
0x000002397e021800, 0x000002397e023000, 0x000002397e01f000, 0x000002397e025800,
0x000002397e020000, 0x000002397e026800, 0x000002397e021000, 0x000002397e02c000,
0x000002397e02d000, 0x000002397e027800, 0x000002397e02e000, 0x000002397e02a000,
0x000002397e02a800, 0x000002397e028000, 0x000002397e029000, 0x000002397e02b800,
0x000002390ff1a800, 0x000002390ff1b000, 0x000002390ff18000, 0x000002390ff18800,
0x000002390ff1d000, 0x000002390ff19800, 0x000002390ff21800, 0x000002390ff1e800,
0x000002390ff1f000, 0x000002390ff21000, 0x000002390ff1d800, 0x000002390ff20000,
0x000002390ff1c000, 0x000002390ff22800, 0x000002390ff24000, 0x000002390ff23800,
0x000002390ff25000, 0x000002390ff26000, 0x000002390ff26800, 0x0000023911fdd800,
0x0000023911fdf800, 0x0000023911fde800, 0x0000023911fe2800, 0x0000023911fdd000,
0x0000023911fe0000, 0x0000023911fe1800, 0x0000023911fe4000, 0x0000023911fe3800,
0x0000023911fe5000, 0x0000023911fe6000, 0x0000023911fe6800, 0x0000023911fe9000,
0x0000023911fe7800, 0x0000023911feb800, 0x0000023911fe8800, 0x0000023911fea000,
0x0000023911fea800, 0x0000023913812800, 0x0000023913811800, 0x000002391380f800,
0x0000023913816000, 0x0000023913813800, 0x0000023913810000, 0x0000023913815000,
0x000002397ebe9800, 0x0000023913816800, 0x0000023913811000, 0x0000023913818800,
0x0000023913819000, 0x000002391381b800, 0x000002391381c800, 0x000002391381a800,
0x0000023913817800, 0x000002391381a000, 0x000002391381d000, 0x000002391381e000
}

Java Threads: ( => current thread )
  0x0000023971a71000 JavaThread "main" [_thread_blocked, id=11536, stack(0x00000076f7400000,0x00000076f7500000)]
  0x000002397cf5d000 JavaThread "Reference Handler" daemon [_thread_blocked, id=6332, stack(0x00000076f7b00000,0x00000076f7c00000)]
  0x000002397cf5e800 JavaThread "Finalizer" daemon [_thread_blocked, id=1656, stack(0x00000076f7c00000,0x00000076f7d00000)]
  0x000002397d7bf800 JavaThread "Signal Dispatcher" daemon [_thread_blocked, id=14088, stack(0x00000076f7d00000,0x00000076f7e00000)]
  0x000002397d7c0800 JavaThread "Attach Listener" daemon [_thread_blocked, id=10656, stack(0x00000076f7e00000,0x00000076f7f00000)]
  0x000002397d7c1800 JavaThread "Service Thread" daemon [_thread_blocked, id=12676, stack(0x00000076f7f00000,0x00000076f8000000)]
  0x000002397d7c4000 JavaThread "C2 CompilerThread0" daemon [_thread_blocked, id=3372, stack(0x00000076f8000000,0x00000076f8100000)]
  0x000002397d7c9800 JavaThread "C1 CompilerThread0" daemon [_thread_blocked, id=8532, stack(0x00000076f8100000,0x00000076f8200000)]
  0x000002397d7d3800 JavaThread "Sweeper thread" daemon [_thread_blocked, id=9668, stack(0x00000076f8200000,0x00000076f8300000)]
  0x000002397d930800 JavaThread "Common-Cleaner" daemon [_thread_blocked, id=14984, stack(0x00000076f8300000,0x00000076f8400000)]
  0x000002390f98f800 JavaThread "Daemon health stats" [_thread_blocked, id=10388, stack(0x00000076f8800000,0x00000076f8900000)]
  0x00000239101b2000 JavaThread "Incoming local TCP Connector on port 61550" [_thread_in_native, id=5364, stack(0x00000076f8500000,0x00000076f8600000)]
  0x00000239101b3800 JavaThread "Daemon periodic checks" [_thread_blocked, id=8768, stack(0x00000076f8600000,0x00000076f8700000)]
  0x00000239101b2800 JavaThread "Daemon" [_thread_blocked, id=12672, stack(0x00000076f8900000,0x00000076f8a00000)]
  0x00000239101b1000 JavaThread "Handler for socket connection from /127.0.0.1:61550 to /127.0.0.1:61551" [_thread_in_native, id=13148, stack(0x00000076f8a00000,0x00000076f8b00000)]
  0x00000239101b4800 JavaThread "Cancel handler" [_thread_blocked, id=5412, stack(0x00000076f8b00000,0x00000076f8c00000)]
  0x00000239101ae800 JavaThread "Daemon worker" [_thread_blocked, id=9344, stack(0x00000076f8c00000,0x00000076f8d00000)]
  0x00000239101b0800 JavaThread "Asynchronous log dispatcher for DefaultDaemonConnection: socket connection from /127.0.0.1:61550 to /127.0.0.1:61551" [_thread_blocked, id=12376, stack(0x00000076f8d00000,0x00000076f8e00000)]
  0x00000239101b5000 JavaThread "Stdin handler" [_thread_blocked, id=8028, stack(0x00000076f8e00000,0x00000076f8f00000)]
  0x00000239101af800 JavaThread "Daemon client event forwarder" [_thread_blocked, id=8904, stack(0x00000076f8f00000,0x00000076f9000000)]
  0x000002390f5e6000 JavaThread "Cache worker for journal cache (C:\Users\sonal\.gradle\caches\journal-1)" [_thread_blocked, id=2912, stack(0x00000076f9600000,0x00000076f9700000)]
  0x000002390f5e2800 JavaThread "File lock request listener" [_thread_in_native, id=9324, stack(0x00000076f9700000,0x00000076f9800000)]
  0x000002390f5e2000 JavaThread "Cache worker for file hash cache (C:\Users\sonal\.gradle\caches\7.5\fileHashes)" [_thread_blocked, id=13096, stack(0x00000076f9800000,0x00000076f9900000)]
  0x000002390f5e5000 JavaThread "File watcher server" daemon [_thread_blocked, id=10632, stack(0x00000076f9c00000,0x00000076f9d00000)]
  0x000002390f5e3800 JavaThread "File watcher consumer" daemon [_thread_blocked, id=6136, stack(0x00000076f9d00000,0x00000076f9e00000)]
  0x000002390f5e4800 JavaThread "Cache worker for checksums cache (C:\Users\sonal\AndroidStudioProjects\CustomListView\.gradle\7.5\checksums)" [_thread_blocked, id=12456, stack(0x00000076f9e00000,0x00000076f9f00000)]
  0x000002390f5e0800 JavaThread "Cache worker for cache directory md-rule (C:\Users\sonal\.gradle\caches\7.5\md-rule)" [_thread_blocked, id=9476, stack(0x00000076f9f00000,0x00000076fa000000)]
  0x000002390f5e7000 JavaThread "Cache worker for file content cache (C:\Users\sonal\.gradle\caches\7.5\fileContent)" [_thread_blocked, id=5460, stack(0x00000076fa000000,0x00000076fa100000)]
  0x000002390f5e1000 JavaThread "Cache worker for file hash cache (C:\Users\sonal\AndroidStudioProjects\CustomListView\.gradle\7.5\fileHashes)" [_thread_blocked, id=2504, stack(0x00000076fa100000,0x00000076fa200000)]
  0x000002390f5e8800 JavaThread "Cache worker for cache directory md-supplier (C:\Users\sonal\.gradle\caches\7.5\md-supplier)" [_thread_blocked, id=11776, stack(0x00000076fa200000,0x00000076fa300000)]
  0x000002390f5eb800 JavaThread "Cache worker for execution history cache (C:\Users\sonal\.gradle\caches\7.5\executionHistory)" [_thread_blocked, id=9944, stack(0x00000076fa300000,0x00000076fa400000)]
  0x000002390f5ec800 JavaThread "jar transforms" [_thread_blocked, id=2084, stack(0x00000076f9a00000,0x00000076f9b00000)]
  0x000002390f5ed800 JavaThread "jar transforms Thread 2" [_thread_blocked, id=9976, stack(0x00000076fa400000,0x00000076fa500000)]
  0x000002390f5ea000 JavaThread "jar transforms Thread 3" [_thread_blocked, id=15348, stack(0x00000076fa600000,0x00000076fa700000)]
  0x000002390f5eb000 JavaThread "jar transforms Thread 4" [_thread_blocked, id=13456, stack(0x00000076fa700000,0x00000076fa800000)]
  0x0000023912797000 JavaThread "Cache worker for dependencies-accessors (C:\Users\sonal\AndroidStudioProjects\CustomListView\.gradle\7.5\dependencies-accessors)" [_thread_blocked, id=8620, stack(0x00000076fa800000,0x00000076fa900000)]
  0x0000023912793800 JavaThread "jar transforms Thread 5" [_thread_blocked, id=3172, stack(0x00000076fa900000,0x00000076faa00000)]
  0x0000023912798000 JavaThread "Cache worker for Build Output Cleanup Cache (C:\Users\sonal\AndroidStudioProjects\CustomListView\.gradle\buildOutputCleanup)" [_thread_blocked, id=8440, stack(0x00000076fa500000,0x00000076fa600000)]
  0x0000023912798800 JavaThread "Unconstrained build operations" [_thread_blocked, id=13968, stack(0x00000076faa00000,0x00000076fab00000)]
  0x0000023912799800 JavaThread "Unconstrained build operations Thread 2" [_thread_blocked, id=10544, stack(0x00000076fab00000,0x00000076fac00000)]
  0x000002391279a000 JavaThread "Unconstrained build operations Thread 3" [_thread_blocked, id=9296, stack(0x00000076fac00000,0x00000076fad00000)]
  0x0000023912794800 JavaThread "Unconstrained build operations Thread 4" [_thread_blocked, id=8944, stack(0x00000076fad00000,0x00000076fae00000)]
  0x000002391279b000 JavaThread "Unconstrained build operations Thread 5" [_thread_blocked, id=12124, stack(0x00000076fae00000,0x00000076faf00000)]
  0x0000023912795800 JavaThread "Unconstrained build operations Thread 6" [_thread_blocked, id=14628, stack(0x00000076faf00000,0x00000076fb000000)]
  0x000002391279c000 JavaThread "Unconstrained build operations Thread 7" [_thread_blocked, id=12604, stack(0x00000076fb000000,0x00000076fb100000)]
  0x0000023912796000 JavaThread "Unconstrained build operations Thread 8" [_thread_blocked, id=14780, stack(0x00000076fb100000,0x00000076fb200000)]
  0x00000239127a1800 JavaThread "Unconstrained build operations Thread 9" [_thread_blocked, id=3008, stack(0x00000076fb200000,0x00000076fb300000)]
  0x00000239127a0800 JavaThread "Unconstrained build operations Thread 10" [_thread_blocked, id=13136, stack(0x00000076fb300000,0x00000076fb400000)]
  0x00000239127a0000 JavaThread "Unconstrained build operations Thread 11" [_thread_blocked, id=13628, stack(0x00000076fb400000,0x00000076fb500000)]
  0x000002391279c800 JavaThread "Unconstrained build operations Thread 12" [_thread_blocked, id=6272, stack(0x00000076fb500000,0x00000076fb600000)]
  0x00000239127a2800 JavaThread "Unconstrained build operations Thread 13" [_thread_blocked, id=9236, stack(0x00000076fb600000,0x00000076fb700000)]
  0x000002391279d800 JavaThread "Unconstrained build operations Thread 14" [_thread_blocked, id=9304, stack(0x00000076fb700000,0x00000076fb800000)]
  0x000002391279e800 JavaThread "Unconstrained build operations Thread 15" [_thread_blocked, id=8208, stack(0x00000076fb800000,0x00000076fb900000)]
  0x000002391279f000 JavaThread "Unconstrained build operations Thread 16" [_thread_blocked, id=9556, stack(0x00000076fb900000,0x00000076fba00000)]
  0x000002390f4e2000 JavaThread "Unconstrained build operations Thread 17" [_thread_blocked, id=15148, stack(0x00000076fba00000,0x00000076fbb00000)]
  0x000002390f4e3000 JavaThread "Unconstrained build operations Thread 18" [_thread_blocked, id=10940, stack(0x00000076fbb00000,0x00000076fbc00000)]
  0x000002390f4e1000 JavaThread "Unconstrained build operations Thread 19" [_thread_blocked, id=11184, stack(0x00000076fbc00000,0x00000076fbd00000)]
  0x000002390f4e3800 JavaThread "Unconstrained build operations Thread 20" [_thread_blocked, id=5052, stack(0x00000076fbd00000,0x00000076fbe00000)]
  0x000002390f4de800 JavaThread "Unconstrained build operations Thread 21" [_thread_blocked, id=12384, stack(0x00000076fbe00000,0x00000076fbf00000)]
  0x000002390f4e0800 JavaThread "Unconstrained build operations Thread 22" [_thread_blocked, id=14548, stack(0x00000076fbf00000,0x00000076fc000000)]
  0x000002390f4de000 JavaThread "Unconstrained build operations Thread 23" [_thread_blocked, id=11744, stack(0x00000076fc000000,0x00000076fc100000)]
  0x000002390f4e4800 JavaThread "Unconstrained build operations Thread 24" [_thread_blocked, id=5396, stack(0x00000076fc100000,0x00000076fc200000)]
  0x000002390f4df800 JavaThread "Unconstrained build operations Thread 25" [_thread_blocked, id=10432, stack(0x00000076fc200000,0x00000076fc300000)]
  0x000002390f4e6000 JavaThread "Unconstrained build operations Thread 26" [_thread_blocked, id=7400, stack(0x00000076fc300000,0x00000076fc400000)]
  0x000002390f4eb000 JavaThread "Unconstrained build operations Thread 27" [_thread_blocked, id=6600, stack(0x00000076fc400000,0x00000076fc500000)]
  0x000002390f4e7000 JavaThread "Unconstrained build operations Thread 28" [_thread_blocked, id=13796, stack(0x00000076fc500000,0x00000076fc600000)]
  0x000002390f4e5800 JavaThread "Unconstrained build operations Thread 29" [_thread_blocked, id=8464, stack(0x00000076fc600000,0x00000076fc700000)]
  0x000002390f4ec000 JavaThread "Unconstrained build operations Thread 30" [_thread_blocked, id=12664, stack(0x00000076fc700000,0x00000076fc800000)]
  0x000002390f4e7800 JavaThread "Unconstrained build operations Thread 31" [_thread_blocked, id=12700, stack(0x00000076fc800000,0x00000076fc900000)]
  0x000002390f4ec800 JavaThread "Unconstrained build operations Thread 32" [_thread_blocked, id=7648, stack(0x00000076fc900000,0x00000076fca00000)]
  0x000002390f4e8800 JavaThread "Unconstrained build operations Thread 33" [_thread_blocked, id=14892, stack(0x00000076fca00000,0x00000076fcb00000)]
  0x000002390f4e9800 JavaThread "Unconstrained build operations Thread 34" [_thread_blocked, id=1816, stack(0x00000076fcb00000,0x00000076fcc00000)]
  0x000002390f4ea000 JavaThread "Unconstrained build operations Thread 35" [_thread_blocked, id=4356, stack(0x00000076fcc00000,0x00000076fcd00000)]
  0x000002397e022800 JavaThread "Unconstrained build operations Thread 36" [_thread_blocked, id=9752, stack(0x00000076fcd00000,0x00000076fce00000)]
  0x000002397e025000 JavaThread "Unconstrained build operations Thread 37" [_thread_blocked, id=13040, stack(0x00000076fce00000,0x00000076fcf00000)]
  0x000002397e024000 JavaThread "Unconstrained build operations Thread 38" [_thread_blocked, id=14900, stack(0x00000076fcf00000,0x00000076fd000000)]
  0x000002397e021800 JavaThread "Unconstrained build operations Thread 39" [_thread_blocked, id=5680, stack(0x00000076fd000000,0x00000076fd100000)]
  0x000002397e023000 JavaThread "Unconstrained build operations Thread 40" [_thread_blocked, id=7588, stack(0x00000076fd100000,0x00000076fd200000)]
  0x000002397e01f000 JavaThread "Unconstrained build operations Thread 41" [_thread_blocked, id=2012, stack(0x00000076fd200000,0x00000076fd300000)]
  0x000002397e025800 JavaThread "Unconstrained build operations Thread 42" [_thread_blocked, id=4084, stack(0x00000076fd300000,0x00000076fd400000)]
  0x000002397e020000 JavaThread "Unconstrained build operations Thread 43" [_thread_blocked, id=10468, stack(0x00000076fd400000,0x00000076fd500000)]
  0x000002397e026800 JavaThread "Unconstrained build operations Thread 44" [_thread_blocked, id=8120, stack(0x00000076fd500000,0x00000076fd600000)]
  0x000002397e021000 JavaThread "Unconstrained build operations Thread 45" [_thread_blocked, id=2968, stack(0x00000076fd600000,0x00000076fd700000)]
  0x000002397e02c000 JavaThread "Unconstrained build operations Thread 46" [_thread_blocked, id=14024, stack(0x00000076fd700000,0x00000076fd800000)]
  0x000002397e02d000 JavaThread "Unconstrained build operations Thread 47" [_thread_blocked, id=2732, stack(0x00000076fd800000,0x00000076fd900000)]
  0x000002397e027800 JavaThread "Unconstrained build operations Thread 48" [_thread_blocked, id=6280, stack(0x00000076fd900000,0x00000076fda00000)]
  0x000002397e02e000 JavaThread "Unconstrained build operations Thread 49" [_thread_blocked, id=4120, stack(0x00000076fda00000,0x00000076fdb00000)]
  0x000002397e02a000 JavaThread "Unconstrained build operations Thread 50" [_thread_blocked, id=13908, stack(0x00000076fdb00000,0x00000076fdc00000)]
  0x000002397e02a800 JavaThread "Unconstrained build operations Thread 51" [_thread_blocked, id=11648, stack(0x00000076fdc00000,0x00000076fdd00000)]
  0x000002397e028000 JavaThread "Unconstrained build operations Thread 52" [_thread_blocked, id=1116, stack(0x00000076fdd00000,0x00000076fde00000)]
  0x000002397e029000 JavaThread "Unconstrained build operations Thread 53" [_thread_blocked, id=3852, stack(0x00000076fde00000,0x00000076fdf00000)]
  0x000002397e02b800 JavaThread "Unconstrained build operations Thread 54" [_thread_blocked, id=6496, stack(0x00000076fdf00000,0x00000076fe000000)]
  0x000002390ff1a800 JavaThread "Unconstrained build operations Thread 55" [_thread_blocked, id=8280, stack(0x00000076fe000000,0x00000076fe100000)]
  0x000002390ff1b000 JavaThread "Unconstrained build operations Thread 56" [_thread_blocked, id=14108, stack(0x00000076fe100000,0x00000076fe200000)]
  0x000002390ff18000 JavaThread "Unconstrained build operations Thread 57" [_thread_blocked, id=11876, stack(0x00000076fe200000,0x00000076fe300000)]
  0x000002390ff18800 JavaThread "Unconstrained build operations Thread 58" [_thread_blocked, id=11240, stack(0x00000076fe300000,0x00000076fe400000)]
  0x000002390ff1d000 JavaThread "Unconstrained build operations Thread 59" [_thread_blocked, id=13664, stack(0x00000076fe400000,0x00000076fe500000)]
  0x000002390ff19800 JavaThread "Unconstrained build operations Thread 60" [_thread_blocked, id=7736, stack(0x00000076fe500000,0x00000076fe600000)]
  0x000002390ff21800 JavaThread "Unconstrained build operations Thread 61" [_thread_blocked, id=3156, stack(0x00000076fe600000,0x00000076fe700000)]
  0x000002390ff1e800 JavaThread "Unconstrained build operations Thread 62" [_thread_blocked, id=10012, stack(0x00000076fe700000,0x00000076fe800000)]
  0x000002390ff1f000 JavaThread "Unconstrained build operations Thread 63" [_thread_blocked, id=9036, stack(0x00000076fe800000,0x00000076fe900000)]
  0x000002390ff21000 JavaThread "Unconstrained build operations Thread 64" [_thread_blocked, id=11096, stack(0x00000076fe900000,0x00000076fea00000)]
  0x000002390ff1d800 JavaThread "Unconstrained build operations Thread 65" [_thread_blocked, id=7720, stack(0x00000076fea00000,0x00000076feb00000)]
  0x000002390ff20000 JavaThread "Unconstrained build operations Thread 66" [_thread_blocked, id=5076, stack(0x00000076feb00000,0x00000076fec00000)]
  0x000002390ff1c000 JavaThread "Unconstrained build operations Thread 67" [_thread_blocked, id=13124, stack(0x00000076fec00000,0x00000076fed00000)]
  0x000002390ff22800 JavaThread "Unconstrained build operations Thread 68" [_thread_blocked, id=13800, stack(0x00000076fed00000,0x00000076fee00000)]
  0x000002390ff24000 JavaThread "Unconstrained build operations Thread 69" [_thread_blocked, id=12400, stack(0x00000076fee00000,0x00000076fef00000)]
  0x000002390ff23800 JavaThread "Unconstrained build operations Thread 70" [_thread_blocked, id=13152, stack(0x00000076fef00000,0x00000076ff000000)]
  0x000002390ff25000 JavaThread "Unconstrained build operations Thread 71" [_thread_blocked, id=6584, stack(0x00000076ff000000,0x00000076ff100000)]
  0x000002390ff26000 JavaThread "Unconstrained build operations Thread 72" [_thread_blocked, id=1560, stack(0x00000076ff100000,0x00000076ff200000)]
  0x000002390ff26800 JavaThread "Unconstrained build operations Thread 73" [_thread_blocked, id=1932, stack(0x00000076ff200000,0x00000076ff300000)]
  0x0000023911fdd800 JavaThread "Unconstrained build operations Thread 74" [_thread_blocked, id=10188, stack(0x00000076ff300000,0x00000076ff400000)]
  0x0000023911fdf800 JavaThread "Unconstrained build operations Thread 75" [_thread_blocked, id=14664, stack(0x00000076ff400000,0x00000076ff500000)]
  0x0000023911fde800 JavaThread "Unconstrained build operations Thread 76" [_thread_blocked, id=10448, stack(0x00000076ff500000,0x00000076ff600000)]
  0x0000023911fe2800 JavaThread "Unconstrained build operations Thread 77" [_thread_blocked, id=9808, stack(0x00000076ff600000,0x00000076ff700000)]
  0x0000023911fdd000 JavaThread "Unconstrained build operations Thread 78" [_thread_blocked, id=6568, stack(0x00000076ff700000,0x00000076ff800000)]
  0x0000023911fe0000 JavaThread "Unconstrained build operations Thread 79" [_thread_blocked, id=14788, stack(0x00000076ff800000,0x00000076ff900000)]
  0x0000023911fe1800 JavaThread "Unconstrained build operations Thread 80" [_thread_blocked, id=10748, stack(0x00000076ff900000,0x00000076ffa00000)]
  0x0000023911fe4000 JavaThread "jar transforms Thread 6" [_thread_blocked, id=9048, stack(0x00000076ffa00000,0x00000076ffb00000)]
  0x0000023911fe3800 JavaThread "jar transforms Thread 7" [_thread_blocked, id=11916, stack(0x00000076ffb00000,0x00000076ffc00000)]
  0x0000023911fe5000 JavaThread "jar transforms Thread 8" [_thread_blocked, id=1468, stack(0x00000076ffc00000,0x00000076ffd00000)]
  0x0000023911fe6000 JavaThread "build event listener" [_thread_blocked, id=9596, stack(0x00000076ffd00000,0x00000076ffe00000)]
  0x0000023911fe6800 JavaThread "Memory manager" [_thread_blocked, id=7132, stack(0x00000076fff00000,0x0000007700000000)]
  0x0000023911fe9000 JavaThread "included builds" [_thread_blocked, id=9648, stack(0x0000007680200000,0x0000007680300000)]
  0x0000023911fe7800 JavaThread "Execution worker" [_thread_blocked, id=11512, stack(0x0000007680300000,0x0000007680400000)]
  0x0000023911feb800 JavaThread "Execution worker Thread 2" [_thread_blocked, id=8248, stack(0x0000007680400000,0x0000007680500000)]
  0x0000023911fe8800 JavaThread "Execution worker Thread 3" [_thread_blocked, id=32, stack(0x0000007680500000,0x0000007680600000)]
  0x0000023911fea000 JavaThread "Execution worker Thread 4" [_thread_blocked, id=2724, stack(0x0000007680600000,0x0000007680700000)]
  0x0000023911fea800 JavaThread "Execution worker Thread 5" [_thread_blocked, id=12132, stack(0x0000007680700000,0x0000007680800000)]
  0x0000023913812800 JavaThread "Execution worker Thread 6" [_thread_blocked, id=1368, stack(0x0000007680800000,0x0000007680900000)]
  0x0000023913811800 JavaThread "Execution worker Thread 7" [_thread_blocked, id=14988, stack(0x0000007680900000,0x0000007680a00000)]
  0x000002391380f800 JavaThread "Cache worker for execution history cache (C:\Users\sonal\AndroidStudioProjects\CustomListView\.gradle\7.5\executionHistory)" [_thread_blocked, id=6976, stack(0x0000007680a00000,0x0000007680b00000)]
  0x0000023913816000 JavaThread "WorkerExecutor Queue" [_thread_blocked, id=12856, stack(0x0000007680b00000,0x0000007680c00000)]
  0x0000023913813800 JavaThread "WorkerExecutor Queue Thread 2" [_thread_blocked, id=1288, stack(0x0000007680c00000,0x0000007680d00000)]
  0x0000023913810000 JavaThread "WorkerExecutor Queue Thread 3" [_thread_blocked, id=13836, stack(0x0000007680d00000,0x0000007680e00000)]
  0x0000023913815000 JavaThread "WorkerExecutor Queue Thread 4" [_thread_blocked, id=1364, stack(0x0000007680e00000,0x0000007680f00000)]
  0x000002397ebe9800 JavaThread "C2 CompilerThread1" daemon [_thread_in_native, id=12012, stack(0x0000007680000000,0x0000007680100000)]
  0x0000023913816800 JavaThread "pool-3-thread-1" [_thread_blocked, id=9436, stack(0x0000007680100000,0x0000007680200000)]
  0x0000023913811000 JavaThread "stderr" [_thread_in_native, id=10592, stack(0x0000007680f00000,0x0000007681000000)]
  0x0000023913818800 JavaThread "stdout" [_thread_in_native, id=6980, stack(0x0000007681000000,0x0000007681100000)]
  0x0000023913819000 JavaThread "ForkJoinPool-1-worker-3" daemon [_thread_blocked, id=9760, stack(0x0000007681100000,0x0000007681200000)]
  0x000002391381b800 JavaThread "ForkJoinPool-1-worker-5" daemon [_thread_blocked, id=15028, stack(0x0000007681200000,0x0000007681300000)]
  0x000002391381c800 JavaThread "ForkJoinPool-1-worker-7" daemon [_thread_blocked, id=12988, stack(0x0000007681300000,0x0000007681400000)]
  0x000002391381a800 JavaThread "ForkJoinPool-1-worker-9" daemon [_thread_blocked, id=10540, stack(0x0000007681400000,0x0000007681500000)]
  0x0000023913817800 JavaThread "ForkJoinPool-1-worker-11" daemon [_thread_blocked, id=2232, stack(0x0000007681500000,0x0000007681600000)]
  0x000002391381a000 JavaThread "ForkJoinPool-1-worker-13" daemon [_thread_blocked, id=13036, stack(0x0000007681600000,0x0000007681700000)]
  0x000002391381d000 JavaThread "ForkJoinPool-1-worker-15" daemon [_thread_blocked, id=1408, stack(0x0000007681700000,0x0000007681800000)]
  0x000002391381e000 JavaThread "ForkJoinPool-1-worker-1" daemon [_thread_blocked, id=1860, stack(0x0000007681800000,0x0000007681900000)]

Other Threads:
=>0x000002397cf59000 VMThread "VM Thread" [stack: 0x00000076f7a00000,0x00000076f7b00000] [id=10980]
  0x000002397d966000 WatcherThread [stack: 0x00000076f8400000,0x00000076f8500000] [id=9768]
  0x0000023971a8a800 GCTaskThread "GC Thread#0" [stack: 0x00000076f7500000,0x00000076f7600000] [id=9632]
  0x000002397f209800 GCTaskThread "GC Thread#1" [stack: 0x00000076f8700000,0x00000076f8800000] [id=4124]
  0x000002397ec23800 GCTaskThread "GC Thread#2" [stack: 0x00000076f9000000,0x00000076f9100000] [id=15088]
  0x0000023910362800 GCTaskThread "GC Thread#3" [stack: 0x00000076f9100000,0x00000076f9200000] [id=1568]
  0x000002397eedd800 GCTaskThread "GC Thread#4" [stack: 0x00000076f9200000,0x00000076f9300000] [id=8816]
  0x000002390f27c000 GCTaskThread "GC Thread#5" [stack: 0x00000076f9300000,0x00000076f9400000] [id=13688]
  0x000002390f688800 GCTaskThread "GC Thread#6" [stack: 0x00000076f9400000,0x00000076f9500000] [id=328]
  0x000002397f200800 GCTaskThread "GC Thread#7" [stack: 0x00000076f9500000,0x00000076f9600000] [id=10220]
  0x0000023971abe800 ConcurrentGCThread "G1 Main Marker" [stack: 0x00000076f7600000,0x00000076f7700000] [id=15156]
  0x0000023971ac0800 ConcurrentGCThread "G1 Conc#0" [stack: 0x00000076f7700000,0x00000076f7800000] [id=14876]
  0x000002390f226000 ConcurrentGCThread "G1 Conc#1" [stack: 0x00000076f9900000,0x00000076f9a00000] [id=11168]
  0x000002397cda7800 ConcurrentGCThread "G1 Refine#0" [stack: 0x00000076f7800000,0x00000076f7900000] [id=2432]
  0x0000023913e62000 ConcurrentGCThread "G1 Refine#1" [stack: 0x0000007681900000,0x0000007681a00000] [id=12448]
  0x000002397cdab000 ConcurrentGCThread "G1 Young RemSet Sampling" [stack: 0x00000076f7900000,0x00000076f7a00000] [id=9056]

Threads with active compile tasks:
C2 CompilerThread0    47250 12679  s!   4       jdk.internal.loader.URLClassPath::getLoader (194 bytes)
C1 CompilerThread0    47250 12726       2       com.android.tools.r8.internal.nd::<init> (12 bytes)
C2 CompilerThread1    47250 12193 %     4       com.android.tools.r8.dex.i::a @ 140 (829 bytes)

VM state:at safepoint (normal execution)

VM Mutex/Monitor currently owned by a thread:  ([mutex/lock_event])
[0x0000023971a6d790] Threads_lock - owner thread: 0x000002397cf59000
[0x0000023971a6d550] Heap_lock - owner thread: 0x000002391381d000

Heap address: 0x0000000080000000, size: 2048 MB, Compressed Oops mode: 32-bit
Narrow klass base: 0x0000000000000000, Narrow klass shift: 3
Compressed class space size: 1073741824 Address: 0x0000000100000000

Heap:
 garbage-first heap   total 532480K, used 205242K [0x0000000080000000, 0x0000000100000000)
  region size 1024K, 3 young (3072K), 3 survivors (3072K)
 Metaspace       used 102833K, capacity 105592K, committed 105896K, reserved 1140736K
  class space    used 13530K, capacity 14594K, committed 14720K, reserved 1048576K
Heap Regions: E=young(eden), S=young(survivor), O=old, HS=humongous(starts), HC=humongous(continues), CS=collection set, F=free, A=archive, TAMS=top-at-mark-start (previous, next)
|   0|0x0000000080000000, 0x0000000080100000, 0x0000000080100000|100%| O|  |TAMS 0x0000000080100000, 0x0000000080000000| Untracked 
|   1|0x0000000080100000, 0x0000000080200000, 0x0000000080200000|100%| O|  |TAMS 0x0000000080200000, 0x0000000080100000| Untracked 
|   2|0x0000000080200000, 0x0000000080300000, 0x0000000080300000|100%| O|  |TAMS 0x0000000080300000, 0x0000000080200000| Untracked 
|   3|0x0000000080300000, 0x0000000080400000, 0x0000000080400000|100%|HS|  |TAMS 0x0000000080400000, 0x0000000080300000| Complete 
|   4|0x0000000080400000, 0x0000000080500000, 0x0000000080500000|100%|HC|  |TAMS 0x0000000080500000, 0x0000000080400000| Complete 
|   5|0x0000000080500000, 0x0000000080600000, 0x0000000080600000|100%|HC|  |TAMS 0x0000000080600000, 0x0000000080500000| Complete 
|   6|0x0000000080600000, 0x0000000080700000, 0x0000000080700000|100%| O|  |TAMS 0x0000000080700000, 0x0000000080600000| Untracked 
|   7|0x0000000080700000, 0x0000000080800000, 0x0000000080800000|100%| O|  |TAMS 0x0000000080800000, 0x0000000080700000| Untracked 
|   8|0x0000000080800000, 0x0000000080900000, 0x0000000080900000|100%| O|  |TAMS 0x0000000080900000, 0x0000000080800000| Untracked 
|   9|0x0000000080900000, 0x0000000080a00000, 0x0000000080a00000|100%| O|  |TAMS 0x0000000080a00000, 0x0000000080900000| Untracked 
|  10|0x0000000080a00000, 0x0000000080b00000, 0x0000000080b00000|100%| O|  |TAMS 0x0000000080b00000, 0x0000000080a00000| Untracked 
|  11|0x0000000080b00000, 0x0000000080c00000, 0x0000000080c00000|100%| O|  |TAMS 0x0000000080c00000, 0x0000000080b00000| Untracked 
|  12|0x0000000080c00000, 0x0000000080d00000, 0x0000000080d00000|100%| O|  |TAMS 0x0000000080d00000, 0x0000000080c00000| Untracked 
|  13|0x0000000080d00000, 0x0000000080e00000, 0x0000000080e00000|100%| O|  |TAMS 0x0000000080e00000, 0x0000000080d00000| Untracked 
|  14|0x0000000080e00000, 0x0000000080f00000, 0x0000000080f00000|100%| O|  |TAMS 0x0000000080f00000, 0x0000000080e00000| Untracked 
|  15|0x0000000080f00000, 0x0000000081000000, 0x0000000081000000|100%| O|  |TAMS 0x0000000081000000, 0x0000000080f00000| Untracked 
|  16|0x0000000081000000, 0x0000000081100000, 0x0000000081100000|100%| O|  |TAMS 0x0000000081100000, 0x0000000081000000| Untracked 
|  17|0x0000000081100000, 0x0000000081200000, 0x0000000081200000|100%|HS|  |TAMS 0x0000000081200000, 0x0000000081100000| Complete 
|  18|0x0000000081200000, 0x0000000081300000, 0x0000000081300000|100%| O|  |TAMS 0x0000000081300000, 0x0000000081200000| Untracked 
|  19|0x0000000081300000, 0x0000000081400000, 0x0000000081400000|100%| O|  |TAMS 0x0000000081400000, 0x0000000081300000| Untracked 
|  20|0x0000000081400000, 0x0000000081500000, 0x0000000081500000|100%| O|  |TAMS 0x0000000081500000, 0x0000000081400000| Untracked 
|  21|0x0000000081500000, 0x0000000081600000, 0x0000000081600000|100%| O|  |TAMS 0x0000000081600000, 0x0000000081500000| Untracked 
|  22|0x0000000081600000, 0x0000000081700000, 0x0000000081700000|100%| O|  |TAMS 0x0000000081700000, 0x0000000081600000| Untracked 
|  23|0x0000000081700000, 0x0000000081800000, 0x0000000081800000|100%| O|  |TAMS 0x0000000081800000, 0x0000000081700000| Untracked 
|  24|0x0000000081800000, 0x0000000081900000, 0x0000000081900000|100%| O|  |TAMS 0x0000000081900000, 0x0000000081800000| Untracked 
|  25|0x0000000081900000, 0x0000000081a00000, 0x0000000081a00000|100%| O|  |TAMS 0x0000000081a00000, 0x0000000081900000| Untracked 
|  26|0x0000000081a00000, 0x0000000081b00000, 0x0000000081b00000|100%| O|  |TAMS 0x0000000081b00000, 0x0000000081a00000| Untracked 
|  27|0x0000000081b00000, 0x0000000081c00000, 0x0000000081c00000|100%| O|  |TAMS 0x0000000081c00000, 0x0000000081b00000| Untracked 
|  28|0x0000000081c00000, 0x0000000081d00000, 0x0000000081d00000|100%|HS|  |TAMS 0x0000000081d00000, 0x0000000081c00000| Complete 
|  29|0x0000000081d00000, 0x0000000081e00000, 0x0000000081e00000|100%|HC|  |TAMS 0x0000000081e00000, 0x0000000081d00000| Complete 
|  30|0x0000000081e00000, 0x0000000081f00000, 0x0000000081f00000|100%|HS|  |TAMS 0x0000000081f00000, 0x0000000081e00000| Complete 
|  31|0x0000000081f00000, 0x0000000082000000, 0x0000000082000000|100%|HS|  |TAMS 0x0000000082000000, 0x0000000081f00000| Complete 
|  32|0x0000000082000000, 0x0000000082100000, 0x0000000082100000|100%|HC|  |TAMS 0x0000000082100000, 0x0000000082000000| Complete 
|  33|0x0000000082100000, 0x0000000082200000, 0x0000000082200000|100%|HC|  |TAMS 0x0000000082200000, 0x0000000082100000| Complete 
|  34|0x0000000082200000, 0x0000000082300000, 0x0000000082300000|100%|HC|  |TAMS 0x0000000082300000, 0x0000000082200000| Complete 
|  35|0x0000000082300000, 0x0000000082400000, 0x0000000082400000|100%| O|  |TAMS 0x0000000082400000, 0x0000000082300000| Untracked 
|  36|0x0000000082400000, 0x0000000082500000, 0x0000000082500000|100%| O|  |TAMS 0x0000000082500000, 0x0000000082400000| Untracked 
|  37|0x0000000082500000, 0x0000000082600000, 0x0000000082600000|100%| O|  |TAMS 0x0000000082600000, 0x0000000082500000| Untracked 
|  38|0x0000000082600000, 0x0000000082700000, 0x0000000082700000|100%| O|  |TAMS 0x0000000082700000, 0x0000000082600000| Untracked 
|  39|0x0000000082700000, 0x0000000082800000, 0x0000000082800000|100%| O|  |TAMS 0x0000000082800000, 0x0000000082700000| Untracked 
|  40|0x0000000082800000, 0x0000000082900000, 0x0000000082900000|100%| O|  |TAMS 0x0000000082900000, 0x0000000082800000| Untracked 
|  41|0x0000000082900000, 0x0000000082a00000, 0x0000000082a00000|100%| O|  |TAMS 0x0000000082a00000, 0x0000000082900000| Untracked 
|  42|0x0000000082a00000, 0x0000000082b00000, 0x0000000082b00000|100%| O|  |TAMS 0x0000000082b00000, 0x0000000082a00000| Untracked 
|  43|0x0000000082b00000, 0x0000000082c00000, 0x0000000082c00000|100%| O|  |TAMS 0x0000000082c00000, 0x0000000082b00000| Untracked 
|  44|0x0000000082c00000, 0x0000000082d00000, 0x0000000082d00000|100%| O|  |TAMS 0x0000000082d00000, 0x0000000082c00000| Untracked 
|  45|0x0000000082d00000, 0x0000000082e00000, 0x0000000082e00000|100%| O|  |TAMS 0x0000000082e00000, 0x0000000082d00000| Untracked 
|  46|0x0000000082e00000, 0x0000000082f00000, 0x0000000082f00000|100%| O|  |TAMS 0x0000000082f00000, 0x0000000082e00000| Untracked 
|  47|0x0000000082f00000, 0x0000000083000000, 0x0000000083000000|100%| O|  |TAMS 0x0000000083000000, 0x0000000082f00000| Untracked 
|  48|0x0000000083000000, 0x0000000083100000, 0x0000000083100000|100%| O|  |TAMS 0x0000000083100000, 0x0000000083000000| Untracked 
|  49|0x0000000083100000, 0x0000000083200000, 0x0000000083200000|100%| O|  |TAMS 0x0000000083200000, 0x0000000083100000| Untracked 
|  50|0x0000000083200000, 0x0000000083300000, 0x0000000083300000|100%| O|  |TAMS 0x0000000083300000, 0x0000000083200000| Untracked 
|  51|0x0000000083300000, 0x0000000083400000, 0x0000000083400000|100%| O|  |TAMS 0x0000000083400000, 0x0000000083300000| Untracked 
|  52|0x0000000083400000, 0x0000000083500000, 0x0000000083500000|100%| O|  |TAMS 0x0000000083500000, 0x0000000083400000| Untracked 
|  53|0x0000000083500000, 0x0000000083600000, 0x0000000083600000|100%| O|  |TAMS 0x0000000083600000, 0x0000000083500000| Untracked 
|  54|0x0000000083600000, 0x0000000083700000, 0x0000000083700000|100%| O|  |TAMS 0x0000000083700000, 0x0000000083600000| Untracked 
|  55|0x0000000083700000, 0x0000000083800000, 0x0000000083800000|100%| O|  |TAMS 0x0000000083800000, 0x0000000083700000| Untracked 
|  56|0x0000000083800000, 0x0000000083900000, 0x0000000083900000|100%| O|  |TAMS 0x0000000083900000, 0x0000000083800000| Untracked 
|  57|0x0000000083900000, 0x0000000083a00000, 0x0000000083a00000|100%| O|  |TAMS 0x0000000083a00000, 0x0000000083900000| Untracked 
|  58|0x0000000083a00000, 0x0000000083b00000, 0x0000000083b00000|100%| O|  |TAMS 0x0000000083b00000, 0x0000000083a00000| Untracked 
|  59|0x0000000083b00000, 0x0000000083c00000, 0x0000000083c00000|100%| O|  |TAMS 0x0000000083c00000, 0x0000000083b00000| Untracked 
|  60|0x0000000083c00000, 0x0000000083d00000, 0x0000000083d00000|100%| O|  |TAMS 0x0000000083d00000, 0x0000000083c00000| Untracked 
|  61|0x0000000083d00000, 0x0000000083e00000, 0x0000000083e00000|100%| O|  |TAMS 0x0000000083e00000, 0x0000000083d00000| Untracked 
|  62|0x0000000083e00000, 0x0000000083f00000, 0x0000000083f00000|100%| O|  |TAMS 0x0000000083f00000, 0x0000000083e00000| Untracked 
|  63|0x0000000083f00000, 0x0000000084000000, 0x0000000084000000|100%| O|  |TAMS 0x0000000084000000, 0x0000000083f00000| Untracked 
|  64|0x0000000084000000, 0x0000000084100000, 0x0000000084100000|100%| O|  |TAMS 0x0000000084100000, 0x0000000084000000| Untracked 
|  65|0x0000000084100000, 0x0000000084200000, 0x0000000084200000|100%| O|  |TAMS 0x0000000084200000, 0x0000000084100000| Untracked 
|  66|0x0000000084200000, 0x0000000084300000, 0x0000000084300000|100%| O|  |TAMS 0x0000000084300000, 0x0000000084200000| Untracked 
|  67|0x0000000084300000, 0x0000000084400000, 0x0000000084400000|100%| O|  |TAMS 0x0000000084400000, 0x0000000084300000| Untracked 
|  68|0x0000000084400000, 0x0000000084500000, 0x0000000084500000|100%| O|  |TAMS 0x0000000084500000, 0x0000000084400000| Untracked 
|  69|0x0000000084500000, 0x0000000084600000, 0x0000000084600000|100%| O|  |TAMS 0x0000000084600000, 0x0000000084500000| Untracked 
|  70|0x0000000084600000, 0x0000000084700000, 0x0000000084700000|100%| O|  |TAMS 0x0000000084700000, 0x0000000084600000| Untracked 
|  71|0x0000000084700000, 0x0000000084800000, 0x0000000084800000|100%| O|  |TAMS 0x0000000084800000, 0x0000000084700000| Untracked 
|  72|0x0000000084800000, 0x0000000084900000, 0x0000000084900000|100%| O|  |TAMS 0x0000000084900000, 0x0000000084800000| Untracked 
|  73|0x0000000084900000, 0x0000000084a00000, 0x0000000084a00000|100%| O|  |TAMS 0x0000000084a00000, 0x0000000084900000| Untracked 
|  74|0x0000000084a00000, 0x0000000084b00000, 0x0000000084b00000|100%| O|  |TAMS 0x0000000084b00000, 0x0000000084a00000| Untracked 
|  75|0x0000000084b00000, 0x0000000084c00000, 0x0000000084c00000|100%| O|  |TAMS 0x0000000084c00000, 0x0000000084b00000| Untracked 
|  76|0x0000000084c00000, 0x0000000084d00000, 0x0000000084d00000|100%| O|  |TAMS 0x0000000084d00000, 0x0000000084c00000| Untracked 
|  77|0x0000000084d00000, 0x0000000084e00000, 0x0000000084e00000|100%| O|  |TAMS 0x0000000084e00000, 0x0000000084d00000| Untracked 
|  78|0x0000000084e00000, 0x0000000084f00000, 0x0000000084f00000|100%| O|  |TAMS 0x0000000084f00000, 0x0000000084e00000| Untracked 
|  79|0x0000000084f00000, 0x0000000085000000, 0x0000000085000000|100%| O|  |TAMS 0x0000000085000000, 0x0000000084f00000| Untracked 
|  80|0x0000000085000000, 0x0000000085100000, 0x0000000085100000|100%| O|  |TAMS 0x0000000085100000, 0x0000000085000000| Untracked 
|  81|0x0000000085100000, 0x0000000085200000, 0x0000000085200000|100%| O|  |TAMS 0x0000000085200000, 0x0000000085100000| Untracked 
|  82|0x0000000085200000, 0x0000000085300000, 0x0000000085300000|100%| O|  |TAMS 0x0000000085300000, 0x0000000085200000| Untracked 
|  83|0x0000000085300000, 0x0000000085400000, 0x0000000085400000|100%| O|  |TAMS 0x0000000085400000, 0x0000000085300000| Untracked 
|  84|0x0000000085400000, 0x0000000085500000, 0x0000000085500000|100%| O|  |TAMS 0x0000000085500000, 0x0000000085400000| Untracked 
|  85|0x0000000085500000, 0x0000000085600000, 0x0000000085600000|100%| O|  |TAMS 0x0000000085600000, 0x0000000085500000| Untracked 
|  86|0x0000000085600000, 0x0000000085700000, 0x0000000085700000|100%| O|  |TAMS 0x0000000085700000, 0x0000000085600000| Untracked 
|  87|0x0000000085700000, 0x0000000085800000, 0x0000000085800000|100%| O|  |TAMS 0x0000000085800000, 0x0000000085700000| Untracked 
|  88|0x0000000085800000, 0x0000000085900000, 0x0000000085900000|100%| O|  |TAMS 0x0000000085900000, 0x0000000085800000| Untracked 
|  89|0x0000000085900000, 0x0000000085a00000, 0x0000000085a00000|100%| O|  |TAMS 0x0000000085a00000, 0x0000000085900000| Untracked 
|  90|0x0000000085a00000, 0x0000000085b00000, 0x0000000085b00000|100%| O|  |TAMS 0x0000000085b00000, 0x0000000085a00000| Untracked 
|  91|0x0000000085b00000, 0x0000000085c00000, 0x0000000085c00000|100%| O|  |TAMS 0x0000000085c00000, 0x0000000085b00000| Untracked 
|  92|0x0000000085c00000, 0x0000000085d00000, 0x0000000085d00000|100%| O|  |TAMS 0x0000000085d00000, 0x0000000085c00000| Untracked 
|  93|0x0000000085d00000, 0x0000000085e00000, 0x0000000085e00000|100%| O|  |TAMS 0x0000000085e00000, 0x0000000085d00000| Untracked 
|  94|0x0000000085e00000, 0x0000000085f00000, 0x0000000085f00000|100%|HS|  |TAMS 0x0000000085f00000, 0x0000000085e00000| Complete 
|  95|0x0000000085f00000, 0x0000000086000000, 0x0000000086000000|100%|HC|  |TAMS 0x0000000086000000, 0x0000000085f00000| Complete 
|  96|0x0000000086000000, 0x0000000086100000, 0x0000000086100000|100%|HS|  |TAMS 0x0000000086100000, 0x0000000086000000| Complete 
|  97|0x0000000086100000, 0x0000000086200000, 0x0000000086200000|100%|HS|  |TAMS 0x0000000086200000, 0x0000000086100000| Complete 
|  98|0x0000000086200000, 0x0000000086300000, 0x0000000086300000|100%|HS|  |TAMS 0x0000000086300000, 0x0000000086200000| Complete 
|  99|0x0000000086300000, 0x0000000086400000, 0x0000000086400000|100%|HC|  |TAMS 0x0000000086400000, 0x0000000086300000| Complete 
| 100|0x0000000086400000, 0x0000000086500000, 0x0000000086500000|100%|HS|  |TAMS 0x0000000086500000, 0x0000000086400000| Complete 
| 101|0x0000000086500000, 0x0000000086600000, 0x0000000086600000|100%|HC|  |TAMS 0x0000000086600000, 0x0000000086500000| Complete 
| 102|0x0000000086600000, 0x0000000086700000, 0x0000000086700000|100%|HS|  |TAMS 0x0000000086700000, 0x0000000086600000| Complete 
| 103|0x0000000086700000, 0x0000000086800000, 0x0000000086800000|100%|HC|  |TAMS 0x0000000086800000, 0x0000000086700000| Complete 
| 104|0x0000000086800000, 0x0000000086900000, 0x0000000086900000|100%|HC|  |TAMS 0x0000000086900000, 0x0000000086800000| Complete 
| 105|0x0000000086900000, 0x0000000086a00000, 0x0000000086a00000|100%| O|  |TAMS 0x0000000086a00000, 0x0000000086900000| Untracked 
| 106|0x0000000086a00000, 0x0000000086b00000, 0x0000000086b00000|100%| O|  |TAMS 0x0000000086b00000, 0x0000000086a00000| Untracked 
| 107|0x0000000086b00000, 0x0000000086c00000, 0x0000000086c00000|100%| O|  |TAMS 0x0000000086c00000, 0x0000000086b00000| Untracked 
| 108|0x0000000086c00000, 0x0000000086d00000, 0x0000000086d00000|100%| O|  |TAMS 0x0000000086d00000, 0x0000000086c00000| Untracked 
| 109|0x0000000086d00000, 0x0000000086e00000, 0x0000000086e00000|100%| O|  |TAMS 0x0000000086e00000, 0x0000000086d00000| Untracked 
| 110|0x0000000086e00000, 0x0000000086f00000, 0x0000000086f00000|100%| O|  |TAMS 0x0000000086f00000, 0x0000000086e00000| Untracked 
| 111|0x0000000086f00000, 0x0000000087000000, 0x0000000087000000|100%| O|  |TAMS 0x0000000087000000, 0x0000000086f00000| Untracked 
| 112|0x0000000087000000, 0x0000000087100000, 0x0000000087100000|100%| O|  |TAMS 0x0000000087100000, 0x0000000087000000| Untracked 
| 113|0x0000000087100000, 0x0000000087200000, 0x0000000087200000|100%|HS|  |TAMS 0x0000000087200000, 0x0000000087100000| Complete 
| 114|0x0000000087200000, 0x0000000087300000, 0x0000000087300000|100%|HC|  |TAMS 0x0000000087300000, 0x0000000087200000| Complete 
| 115|0x0000000087300000, 0x0000000087400000, 0x0000000087400000|100%| O|  |TAMS 0x0000000087400000, 0x0000000087300000| Untracked 
| 116|0x0000000087400000, 0x0000000087500000, 0x0000000087500000|100%|HS|  |TAMS 0x0000000087500000, 0x0000000087400000| Complete 
| 117|0x0000000087500000, 0x0000000087600000, 0x0000000087600000|100%| O|  |TAMS 0x0000000087600000, 0x0000000087500000| Untracked 
| 118|0x0000000087600000, 0x0000000087700000, 0x0000000087700000|100%|HS|  |TAMS 0x0000000087700000, 0x0000000087600000| Complete 
| 119|0x0000000087700000, 0x0000000087800000, 0x0000000087800000|100%| O|  |TAMS 0x0000000087800000, 0x0000000087700000| Untracked 
| 120|0x0000000087800000, 0x0000000087900000, 0x0000000087900000|100%| O|  |TAMS 0x0000000087900000, 0x0000000087800000| Untracked 
| 121|0x0000000087900000, 0x0000000087a00000, 0x0000000087a00000|100%| O|  |TAMS 0x0000000087a00000, 0x0000000087900000| Untracked 
| 122|0x0000000087a00000, 0x0000000087b00000, 0x0000000087b00000|100%|HS|  |TAMS 0x0000000087b00000, 0x0000000087a00000| Complete 
| 123|0x0000000087b00000, 0x0000000087c00000, 0x0000000087c00000|100%|HC|  |TAMS 0x0000000087c00000, 0x0000000087b00000| Complete 
| 124|0x0000000087c00000, 0x0000000087d00000, 0x0000000087d00000|100%| O|  |TAMS 0x0000000087d00000, 0x0000000087c00000| Untracked 
| 125|0x0000000087d00000, 0x0000000087e00000, 0x0000000087e00000|100%| O|  |TAMS 0x0000000087e00000, 0x0000000087d00000| Untracked 
| 126|0x0000000087e00000, 0x0000000087f00000, 0x0000000087f00000|100%| O|  |TAMS 0x0000000087f00000, 0x0000000087e00000| Untracked 
| 127|0x0000000087f00000, 0x0000000088000000, 0x0000000088000000|100%|HS|  |TAMS 0x0000000088000000, 0x0000000087f00000| Complete 
| 128|0x0000000088000000, 0x0000000088100000, 0x0000000088100000|100%|HC|  |TAMS 0x0000000088100000, 0x0000000088000000| Complete 
| 129|0x0000000088100000, 0x0000000088200000, 0x0000000088200000|100%| O|  |TAMS 0x0000000088200000, 0x0000000088100000| Untracked 
| 130|0x0000000088200000, 0x0000000088300000, 0x0000000088300000|100%| O|  |TAMS 0x0000000088300000, 0x0000000088200000| Untracked 
| 131|0x0000000088300000, 0x0000000088400000, 0x0000000088400000|100%|HS|  |TAMS 0x0000000088400000, 0x0000000088300000| Complete 
| 132|0x0000000088400000, 0x0000000088500000, 0x0000000088500000|100%|HS|  |TAMS 0x0000000088500000, 0x0000000088400000| Complete 
| 133|0x0000000088500000, 0x0000000088600000, 0x0000000088600000|100%| O|  |TAMS 0x0000000088600000, 0x0000000088500000| Untracked 
| 134|0x0000000088600000, 0x0000000088700000, 0x0000000088700000|100%| O|  |TAMS 0x0000000088700000, 0x0000000088600000| Untracked 
| 135|0x0000000088700000, 0x0000000088800000, 0x0000000088800000|100%| O|  |TAMS 0x0000000088800000, 0x0000000088700000| Untracked 
| 136|0x0000000088800000, 0x0000000088900000, 0x0000000088900000|100%| O|  |TAMS 0x0000000088900000, 0x0000000088800000| Untracked 
| 137|0x0000000088900000, 0x0000000088a00000, 0x0000000088a00000|100%| O|  |TAMS 0x0000000088a00000, 0x0000000088900000| Untracked 
| 138|0x0000000088a00000, 0x0000000088b00000, 0x0000000088b00000|100%| O|  |TAMS 0x0000000088b00000, 0x0000000088a00000| Untracked 
| 139|0x0000000088b00000, 0x0000000088c00000, 0x0000000088c00000|100%| O|  |TAMS 0x0000000088c00000, 0x0000000088b00000| Untracked 
| 140|0x0000000088c00000, 0x0000000088d00000, 0x0000000088d00000|100%| O|  |TAMS 0x0000000088d00000, 0x0000000088c00000| Untracked 
| 141|0x0000000088d00000, 0x0000000088e00000, 0x0000000088e00000|100%| O|  |TAMS 0x0000000088e00000, 0x0000000088d00000| Untracked 
| 142|0x0000000088e00000, 0x0000000088f00000, 0x0000000088f00000|100%| O|  |TAMS 0x0000000088f00000, 0x0000000088e00000| Untracked 
| 143|0x0000000088f00000, 0x0000000089000000, 0x0000000089000000|100%| O|  |TAMS 0x0000000089000000, 0x0000000088f00000| Untracked 
| 144|0x0000000089000000, 0x0000000089100000, 0x0000000089100000|100%| O|  |TAMS 0x0000000089100000, 0x0000000089000000| Untracked 
| 145|0x0000000089100000, 0x0000000089200000, 0x0000000089200000|100%| O|  |TAMS 0x0000000089200000, 0x0000000089100000| Untracked 
| 146|0x0000000089200000, 0x0000000089300000, 0x0000000089300000|100%| O|  |TAMS 0x0000000089300000, 0x0000000089200000| Untracked 
| 147|0x0000000089300000, 0x0000000089400000, 0x0000000089400000|100%| O|  |TAMS 0x0000000089400000, 0x0000000089300000| Untracked 
| 148|0x0000000089400000, 0x0000000089500000, 0x0000000089500000|100%| O|  |TAMS 0x0000000089500000, 0x0000000089400000| Untracked 
| 149|0x0000000089500000, 0x0000000089600000, 0x0000000089600000|100%|HS|  |TAMS 0x0000000089600000, 0x0000000089500000| Complete 
| 150|0x0000000089600000, 0x0000000089700000, 0x0000000089700000|100%|HC|  |TAMS 0x0000000089700000, 0x0000000089600000| Complete 
| 151|0x0000000089700000, 0x0000000089800000, 0x0000000089800000|100%|HC|  |TAMS 0x0000000089800000, 0x0000000089700000| Complete 
| 152|0x0000000089800000, 0x0000000089900000, 0x0000000089900000|100%| O|  |TAMS 0x0000000089900000, 0x0000000089800000| Untracked 
| 153|0x0000000089900000, 0x0000000089a00000, 0x0000000089a00000|100%| O|  |TAMS 0x0000000089a00000, 0x0000000089900000| Untracked 
| 154|0x0000000089a00000, 0x0000000089b00000, 0x0000000089b00000|100%| O|  |TAMS 0x0000000089b00000, 0x0000000089a00000| Untracked 
| 155|0x0000000089b00000, 0x0000000089c00000, 0x0000000089c00000|100%| O|  |TAMS 0x0000000089c00000, 0x0000000089b00000| Untracked 
| 156|0x0000000089c00000, 0x0000000089d00000, 0x0000000089d00000|100%| O|  |TAMS 0x0000000089d00000, 0x0000000089c00000| Untracked 
| 157|0x0000000089d00000, 0x0000000089e00000, 0x0000000089e00000|100%| O|  |TAMS 0x0000000089e00000, 0x0000000089d00000| Untracked 
| 158|0x0000000089e00000, 0x0000000089f00000, 0x0000000089f00000|100%| O|  |TAMS 0x0000000089f00000, 0x0000000089e00000| Untracked 
| 159|0x0000000089f00000, 0x000000008a000000, 0x000000008a000000|100%| O|  |TAMS 0x000000008a000000, 0x0000000089f00000| Untracked 
| 160|0x000000008a000000, 0x000000008a100000, 0x000000008a100000|100%| O|  |TAMS 0x000000008a100000, 0x000000008a000000| Untracked 
| 161|0x000000008a100000, 0x000000008a200000, 0x000000008a200000|100%| O|  |TAMS 0x000000008a200000, 0x000000008a100000| Untracked 
| 162|0x000000008a200000, 0x000000008a300000, 0x000000008a300000|100%| O|  |TAMS 0x000000008a300000, 0x000000008a200000| Untracked 
| 163|0x000000008a300000, 0x000000008a400000, 0x000000008a400000|100%| O|  |TAMS 0x000000008a3d0000, 0x000000008a300000| Untracked 
| 164|0x000000008a400000, 0x000000008a500000, 0x000000008a500000|100%| O|  |TAMS 0x000000008a400000, 0x000000008a400000| Untracked 
| 165|0x000000008a500000, 0x000000008a600000, 0x000000008a600000|100%| O|  |TAMS 0x000000008a500000, 0x000000008a500000| Untracked 
| 166|0x000000008a600000, 0x000000008a700000, 0x000000008a700000|100%| O|  |TAMS 0x000000008a600000, 0x000000008a600000| Untracked 
| 167|0x000000008a700000, 0x000000008a800000, 0x000000008a800000|100%| O|  |TAMS 0x000000008a700000, 0x000000008a700000| Untracked 
| 168|0x000000008a800000, 0x000000008a900000, 0x000000008a900000|100%| O|  |TAMS 0x000000008a800000, 0x000000008a800000| Untracked 
| 169|0x000000008a900000, 0x000000008aa00000, 0x000000008aa00000|100%| O|  |TAMS 0x000000008a900000, 0x000000008a900000| Untracked 
| 170|0x000000008aa00000, 0x000000008ab00000, 0x000000008ab00000|100%| O|  |TAMS 0x000000008aa00000, 0x000000008aa00000| Untracked 
| 171|0x000000008ab00000, 0x000000008ac00000, 0x000000008ac00000|100%| O|  |TAMS 0x000000008ab00000, 0x000000008ab00000| Untracked 
| 172|0x000000008ac00000, 0x000000008ad00000, 0x000000008ad00000|100%| O|  |TAMS 0x000000008ac00000, 0x000000008ac00000| Untracked 
| 173|0x000000008ad00000, 0x000000008ae00000, 0x000000008ae00000|100%| O|  |TAMS 0x000000008ad00000, 0x000000008ad00000| Untracked 
| 174|0x000000008ae00000, 0x000000008af00000, 0x000000008af00000|100%| O|  |TAMS 0x000000008ae00000, 0x000000008ae00000| Untracked 
| 175|0x000000008af00000, 0x000000008b000000, 0x000000008b000000|100%| O|  |TAMS 0x000000008af00000, 0x000000008af00000| Untracked 
| 176|0x000000008b000000, 0x000000008b100000, 0x000000008b100000|100%| O|  |TAMS 0x000000008b000000, 0x000000008b000000| Untracked 
| 177|0x000000008b100000, 0x000000008b200000, 0x000000008b200000|100%| O|  |TAMS 0x000000008b100000, 0x000000008b100000| Untracked 
| 178|0x000000008b200000, 0x000000008b300000, 0x000000008b300000|100%| O|  |TAMS 0x000000008b200000, 0x000000008b200000| Untracked 
| 179|0x000000008b300000, 0x000000008b400000, 0x000000008b400000|100%| O|  |TAMS 0x000000008b300000, 0x000000008b300000| Untracked 
| 180|0x000000008b400000, 0x000000008b500000, 0x000000008b500000|100%| O|  |TAMS 0x000000008b400000, 0x000000008b400000| Untracked 
| 181|0x000000008b500000, 0x000000008b600000, 0x000000008b600000|100%| O|  |TAMS 0x000000008b500000, 0x000000008b500000| Untracked 
| 182|0x000000008b600000, 0x000000008b700000, 0x000000008b700000|100%| O|  |TAMS 0x000000008b600000, 0x000000008b600000| Untracked 
| 183|0x000000008b700000, 0x000000008b800000, 0x000000008b800000|100%| O|  |TAMS 0x000000008b700000, 0x000000008b700000| Untracked 
| 184|0x000000008b800000, 0x000000008b900000, 0x000000008b900000|100%| O|  |TAMS 0x000000008b800000, 0x000000008b800000| Untracked 
| 185|0x000000008b900000, 0x000000008ba00000, 0x000000008ba00000|100%| O|  |TAMS 0x000000008b900000, 0x000000008b900000| Untracked 
| 186|0x000000008ba00000, 0x000000008bb00000, 0x000000008bb00000|100%| O|  |TAMS 0x000000008ba00000, 0x000000008ba00000| Untracked 
| 187|0x000000008bb00000, 0x000000008bc00000, 0x000000008bc00000|100%| O|  |TAMS 0x000000008bb00000, 0x000000008bb00000| Untracked 
| 188|0x000000008bc00000, 0x000000008bd00000, 0x000000008bd00000|100%| O|  |TAMS 0x000000008bc00000, 0x000000008bc00000| Untracked 
| 189|0x000000008bd00000, 0x000000008be00000, 0x000000008be00000|100%| O|  |TAMS 0x000000008bd00000, 0x000000008bd00000| Untracked 
| 190|0x000000008be00000, 0x000000008bf00000, 0x000000008bf00000|100%| O|  |TAMS 0x000000008be00000, 0x000000008be00000| Untracked 
| 191|0x000000008bf00000, 0x000000008c000000, 0x000000008c000000|100%| O|  |TAMS 0x000000008bf00000, 0x000000008bf00000| Untracked 
| 192|0x000000008c000000, 0x000000008c100000, 0x000000008c100000|100%| O|  |TAMS 0x000000008c000000, 0x000000008c000000| Untracked 
| 193|0x000000008c100000, 0x000000008c200000, 0x000000008c200000|100%| O|  |TAMS 0x000000008c100000, 0x000000008c100000| Untracked 
| 194|0x000000008c200000, 0x000000008c300000, 0x000000008c300000|100%| O|  |TAMS 0x000000008c200000, 0x000000008c200000| Untracked 
| 195|0x000000008c300000, 0x000000008c400000, 0x000000008c400000|100%| O|  |TAMS 0x000000008c300000, 0x000000008c300000| Untracked 
| 196|0x000000008c400000, 0x000000008c500000, 0x000000008c500000|100%| O|  |TAMS 0x000000008c400000, 0x000000008c400000| Untracked 
| 197|0x000000008c500000, 0x000000008c5ad400, 0x000000008c600000| 67%| O|  |TAMS 0x000000008c500000, 0x000000008c500000| Untracked 
| 198|0x000000008c600000, 0x000000008c600000, 0x000000008c700000|  0%| F|  |TAMS 0x000000008c600000, 0x000000008c600000| Untracked 
| 199|0x000000008c700000, 0x000000008c700000, 0x000000008c800000|  0%| F|  |TAMS 0x000000008c700000, 0x000000008c700000| Untracked 
| 200|0x000000008c800000, 0x000000008c800000, 0x000000008c900000|  0%| F|  |TAMS 0x000000008c800000, 0x000000008c800000| Untracked 
| 201|0x000000008c900000, 0x000000008c900000, 0x000000008ca00000|  0%| F|  |TAMS 0x000000008c900000, 0x000000008c900000| Untracked 
| 202|0x000000008ca00000, 0x000000008ca00000, 0x000000008cb00000|  0%| F|  |TAMS 0x000000008ca00000, 0x000000008ca00000| Untracked 
| 203|0x000000008cb00000, 0x000000008cb00000, 0x000000008cc00000|  0%| F|  |TAMS 0x000000008cb00000, 0x000000008cb00000| Untracked 
| 204|0x000000008cc00000, 0x000000008cc00000, 0x000000008cd00000|  0%| F|  |TAMS 0x000000008cc00000, 0x000000008cc00000| Untracked 
| 205|0x000000008cd00000, 0x000000008cd00000, 0x000000008ce00000|  0%| F|  |TAMS 0x000000008cd00000, 0x000000008cd00000| Untracked 
| 206|0x000000008ce00000, 0x000000008ce00000, 0x000000008cf00000|  0%| F|  |TAMS 0x000000008ce00000, 0x000000008ce00000| Untracked 
| 207|0x000000008cf00000, 0x000000008cf00000, 0x000000008d000000|  0%| F|  |TAMS 0x000000008cf00000, 0x000000008cf00000| Untracked 
| 208|0x000000008d000000, 0x000000008d000000, 0x000000008d100000|  0%| F|  |TAMS 0x000000008d000000, 0x000000008d000000| Untracked 
| 209|0x000000008d100000, 0x000000008d100000, 0x000000008d200000|  0%| F|  |TAMS 0x000000008d100000, 0x000000008d100000| Untracked 
| 210|0x000000008d200000, 0x000000008d200000, 0x000000008d300000|  0%| F|  |TAMS 0x000000008d200000, 0x000000008d200000| Untracked 
| 211|0x000000008d300000, 0x000000008d300000, 0x000000008d400000|  0%| F|  |TAMS 0x000000008d300000, 0x000000008d300000| Untracked 
| 212|0x000000008d400000, 0x000000008d400000, 0x000000008d500000|  0%| F|  |TAMS 0x000000008d400000, 0x000000008d400000| Untracked 
| 213|0x000000008d500000, 0x000000008d500000, 0x000000008d600000|  0%| F|  |TAMS 0x000000008d500000, 0x000000008d500000| Untracked 
| 214|0x000000008d600000, 0x000000008d600000, 0x000000008d700000|  0%| F|  |TAMS 0x000000008d600000, 0x000000008d600000| Untracked 
| 215|0x000000008d700000, 0x000000008d700000, 0x000000008d800000|  0%| F|  |TAMS 0x000000008d700000, 0x000000008d700000| Untracked 
| 216|0x000000008d800000, 0x000000008d800000, 0x000000008d900000|  0%| F|  |TAMS 0x000000008d800000, 0x000000008d800000| Untracked 
| 217|0x000000008d900000, 0x000000008d900000, 0x000000008da00000|  0%| F|  |TAMS 0x000000008d900000, 0x000000008d900000| Untracked 
| 218|0x000000008da00000, 0x000000008da00000, 0x000000008db00000|  0%| F|  |TAMS 0x000000008da00000, 0x000000008da00000| Untracked 
| 219|0x000000008db00000, 0x000000008db00000, 0x000000008dc00000|  0%| F|  |TAMS 0x000000008db00000, 0x000000008db00000| Untracked 
| 220|0x000000008dc00000, 0x000000008dc00000, 0x000000008dd00000|  0%| F|  |TAMS 0x000000008dc00000, 0x000000008dc00000| Untracked 
| 221|0x000000008dd00000, 0x000000008dd00000, 0x000000008de00000|  0%| F|  |TAMS 0x000000008dd00000, 0x000000008dd00000| Untracked 
| 222|0x000000008de00000, 0x000000008de00000, 0x000000008df00000|  0%| F|  |TAMS 0x000000008de00000, 0x000000008de00000| Untracked 
| 223|0x000000008df00000, 0x000000008df00000, 0x000000008e000000|  0%| F|  |TAMS 0x000000008df00000, 0x000000008df00000| Untracked 
| 224|0x000000008e000000, 0x000000008e000000, 0x000000008e100000|  0%| F|  |TAMS 0x000000008e000000, 0x000000008e000000| Untracked 
| 225|0x000000008e100000, 0x000000008e100000, 0x000000008e200000|  0%| F|  |TAMS 0x000000008e100000, 0x000000008e100000| Untracked 
| 226|0x000000008e200000, 0x000000008e200000, 0x000000008e300000|  0%| F|  |TAMS 0x000000008e200000, 0x000000008e200000| Untracked 
| 227|0x000000008e300000, 0x000000008e300000, 0x000000008e400000|  0%| F|  |TAMS 0x000000008e300000, 0x000000008e300000| Untracked 
| 228|0x000000008e400000, 0x000000008e400000, 0x000000008e500000|  0%| F|  |TAMS 0x000000008e400000, 0x000000008e400000| Untracked 
| 229|0x000000008e500000, 0x000000008e500000, 0x000000008e600000|  0%| F|  |TAMS 0x000000008e500000, 0x000000008e500000| Untracked 
| 230|0x000000008e600000, 0x000000008e600000, 0x000000008e700000|  0%| F|  |TAMS 0x000000008e600000, 0x000000008e600000| Untracked 
| 231|0x000000008e700000, 0x000000008e700000, 0x000000008e800000|  0%| F|  |TAMS 0x000000008e700000, 0x000000008e700000| Untracked 
| 232|0x000000008e800000, 0x000000008e800000, 0x000000008e900000|  0%| F|  |TAMS 0x000000008e800000, 0x000000008e800000| Untracked 
| 233|0x000000008e900000, 0x000000008e900000, 0x000000008ea00000|  0%| F|  |TAMS 0x000000008e900000, 0x000000008e900000| Untracked 
| 234|0x000000008ea00000, 0x000000008ea00000, 0x000000008eb00000|  0%| F|  |TAMS 0x000000008ea00000, 0x000000008ea00000| Untracked 
| 235|0x000000008eb00000, 0x000000008eb00000, 0x000000008ec00000|  0%| F|  |TAMS 0x000000008eb00000, 0x000000008eb00000| Untracked 
| 236|0x000000008ec00000, 0x000000008ec00000, 0x000000008ed00000|  0%| F|  |TAMS 0x000000008ec00000, 0x000000008ec00000| Untracked 
| 237|0x000000008ed00000, 0x000000008ed00000, 0x000000008ee00000|  0%| F|  |TAMS 0x000000008ed00000, 0x000000008ed00000| Untracked 
| 238|0x000000008ee00000, 0x000000008ee00000, 0x000000008ef00000|  0%| F|  |TAMS 0x000000008ee00000, 0x000000008ee00000| Untracked 
| 239|0x000000008ef00000, 0x000000008ef00000, 0x000000008f000000|  0%| F|  |TAMS 0x000000008ef00000, 0x000000008ef00000| Untracked 
| 240|0x000000008f000000, 0x000000008f0c14f8, 0x000000008f100000| 75%| S|CS|TAMS 0x000000008f000000, 0x000000008f000000| Complete 
| 241|0x000000008f100000, 0x000000008f200000, 0x000000008f200000|100%| S|CS|TAMS 0x000000008f100000, 0x000000008f100000| Complete 
| 242|0x000000008f200000, 0x000000008f300000, 0x000000008f300000|100%| S|CS|TAMS 0x000000008f200000, 0x000000008f200000| Complete 
| 243|0x000000008f300000, 0x000000008f300000, 0x000000008f400000|  0%| F|  |TAMS 0x000000008f300000, 0x000000008f300000| Untracked 
| 244|0x000000008f400000, 0x000000008f400000, 0x000000008f500000|  0%| F|  |TAMS 0x000000008f400000, 0x000000008f400000| Untracked 
| 245|0x000000008f500000, 0x000000008f500000, 0x000000008f600000|  0%| F|  |TAMS 0x000000008f500000, 0x000000008f500000| Untracked 
| 246|0x000000008f600000, 0x000000008f600000, 0x000000008f700000|  0%| F|  |TAMS 0x000000008f600000, 0x000000008f600000| Untracked 
| 247|0x000000008f700000, 0x000000008f700000, 0x000000008f800000|  0%| F|  |TAMS 0x000000008f700000, 0x000000008f700000| Untracked 
| 248|0x000000008f800000, 0x000000008f800000, 0x000000008f900000|  0%| F|  |TAMS 0x000000008f800000, 0x000000008f800000| Untracked 
| 249|0x000000008f900000, 0x000000008f900000, 0x000000008fa00000|  0%| F|  |TAMS 0x000000008f900000, 0x000000008f900000| Untracked 
| 250|0x000000008fa00000, 0x000000008fa00000, 0x000000008fb00000|  0%| F|  |TAMS 0x000000008fa00000, 0x000000008fa00000| Untracked 
| 251|0x000000008fb00000, 0x000000008fb00000, 0x000000008fc00000|  0%| F|  |TAMS 0x000000008fb00000, 0x000000008fb00000| Untracked 
| 252|0x000000008fc00000, 0x000000008fc00000, 0x000000008fd00000|  0%| F|  |TAMS 0x000000008fc00000, 0x000000008fc00000| Untracked 
| 253|0x000000008fd00000, 0x000000008fd00000, 0x000000008fe00000|  0%| F|  |TAMS 0x000000008fd00000, 0x000000008fd00000| Untracked 
| 254|0x000000008fe00000, 0x000000008fe00000, 0x000000008ff00000|  0%| F|  |TAMS 0x000000008fe00000, 0x000000008fe00000| Untracked 
| 255|0x000000008ff00000, 0x000000008ff00000, 0x0000000090000000|  0%| F|  |TAMS 0x000000008ff00000, 0x000000008ff00000| Untracked 
| 256|0x0000000090000000, 0x0000000090000000, 0x0000000090100000|  0%| F|  |TAMS 0x0000000090000000, 0x0000000090000000| Untracked 
| 257|0x0000000090100000, 0x0000000090100000, 0x0000000090200000|  0%| F|  |TAMS 0x0000000090100000, 0x0000000090100000| Untracked 
| 258|0x0000000090200000, 0x0000000090200000, 0x0000000090300000|  0%| F|  |TAMS 0x0000000090200000, 0x0000000090200000| Untracked 
| 259|0x0000000090300000, 0x0000000090300000, 0x0000000090400000|  0%| F|  |TAMS 0x0000000090300000, 0x0000000090300000| Untracked 

Card table byte_map: [0x0000023975cd0000,0x00000239760d0000] _byte_map_base: 0x00000239758d0000

Marking Bits (Prev, Next): (CMBitMap*) 0x0000023971ab5b98, (CMBitMap*) 0x0000023971ab5bd0
 Prev Bits: [0x00000239764d0000, 0x00000239784d0000)
 Next Bits: [0x00000239784d0000, 0x000002397a4d0000)

Polling page: 0x000002396fa50000

Metaspace:

Usage:
  Non-class:     88.87 MB capacity,    87.21 MB ( 98%) used,     1.33 MB (  1%) free+waste,   336.88 KB ( <1%) overhead. 
      Class:     14.25 MB capacity,    13.21 MB ( 93%) used,   910.67 KB (  6%) free+waste,   152.56 KB (  1%) overhead. 
       Both:    103.12 MB capacity,   100.42 MB ( 97%) used,     2.22 MB (  2%) free+waste,   489.44 KB ( <1%) overhead. 

Virtual space:
  Non-class space:       90.00 MB reserved,      89.04 MB ( 99%) committed 
      Class space:        1.00 GB reserved,      14.38 MB (  1%) committed 
             Both:        1.09 GB reserved,     103.41 MB (  9%) committed 

Chunk freelists:
   Non-Class:  50.00 KB
       Class:  0 bytes
        Both:  50.00 KB

MaxMetaspaceSize: 17179869184.00 GB
CompressedClassSpaceSize: 1.00 GB
Initial GC threshold: 20.80 MB
Current GC threshold: 168.82 MB
CDS: off

CodeHeap 'non-profiled nmethods': size=120000Kb used=8348Kb max_used=8348Kb free=111651Kb
 bounds [0x0000023907ad0000, 0x0000023908300000, 0x000002390f000000]
CodeHeap 'profiled nmethods': size=120000Kb used=26888Kb max_used=26888Kb free=93111Kb
 bounds [0x00000239005a0000, 0x0000023901ff0000, 0x0000023907ad0000]
CodeHeap 'non-nmethods': size=5760Kb used=2429Kb max_used=2477Kb free=3330Kb
 bounds [0x0000023900000000, 0x0000023900270000, 0x00000239005a0000]
 total_blobs=13560 nmethods=12613 adapters=859
 compilation: enabled
              stopped_count=0, restarted_count=0
 full_count=0

Compilation events (20 events):
Event: 47.201 Thread 0x000002397d7c9800 nmethod 12738 0x0000023901fdf810 code [0x0000023901fdf9c0, 0x0000023901fdfab8]
Event: 47.201 Thread 0x000002397d7c9800 12729       2       com.android.tools.r8.internal.Aw::a (42 bytes)
Event: 47.203 Thread 0x000002397d7c9800 nmethod 12729 0x0000023901fdfb90 code [0x0000023901fdfde0, 0x0000023901fe0298]
Event: 47.203 Thread 0x000002397d7c9800 12720       1       com.android.tools.r8.internal.Dw::b (5 bytes)
Event: 47.203 Thread 0x000002397d7c9800 nmethod 12720 0x00000239082f6c10 code [0x00000239082f6dc0, 0x00000239082f6e78]
Event: 47.203 Thread 0x000002397d7c9800 12718       1       com.android.tools.r8.internal.Dw::a (5 bytes)
Event: 47.203 Thread 0x000002397d7c9800 nmethod 12718 0x00000239082f6f10 code [0x00000239082f70c0, 0x00000239082f7178]
Event: 47.203 Thread 0x000002397d7c9800 12736       2       java.util.concurrent.atomic.AtomicBoolean::getAndSet (25 bytes)
Event: 47.204 Thread 0x000002397d7c9800 nmethod 12736 0x0000023901fe0610 code [0x0000023901fe07e0, 0x0000023901fe0a38]
Event: 47.204 Thread 0x000002397d7c9800 12737       2       com.android.tools.r8.graph.M::r (8 bytes)
Event: 47.204 Thread 0x000002397d7c9800 nmethod 12737 0x0000023901fe0b90 code [0x0000023901fe0d40, 0x0000023901fe0e38]
Event: 47.204 Thread 0x000002397d7c9800 12740       2       java.lang.invoke.VarHandleInts$FieldInstanceReadWrite::getAndSet (23 bytes)
Event: 47.205 Thread 0x000002397d7c9800 nmethod 12740 0x0000023901fe0f10 code [0x0000023901fe1100, 0x0000023901fe13c8]
Event: 47.205 Thread 0x000002397d7c9800 12725       2       com.android.tools.r8.internal.nd::<init> (7 bytes)
Event: 47.205 Thread 0x000002397d7c9800 nmethod 12725 0x0000023901fe1590 code [0x0000023901fe1740, 0x0000023901fe18f8]
Event: 47.205 Thread 0x000002397d7c9800 12724       2       com.android.tools.r8.internal.pd::<init> (6 bytes)
Event: 47.205 Thread 0x000002397d7c9800 nmethod 12724 0x0000023901fe1990 code [0x0000023901fe1b40, 0x0000023901fe1c98]
Event: 47.205 Thread 0x000002397d7c9800 12733       2       com.android.tools.r8.internal.pd::<init> (16 bytes)
Event: 47.205 Thread 0x000002397d7c9800 nmethod 12733 0x0000023901fe1d10 code [0x0000023901fe1ec0, 0x0000023901fe2018]
Event: 47.205 Thread 0x000002397d7c9800 12726       2       com.android.tools.r8.internal.nd::<init> (12 bytes)

GC Heap History (20 events):
Event: 44.824 GC heap after
{Heap after GC invocations=50 (full 0):
 garbage-first heap   total 152576K, used 113133K [0x0000000080000000, 0x0000000100000000)
  region size 1024K, 3 young (3072K), 3 survivors (3072K)
 Metaspace       used 96156K, capacity 98743K, committed 99240K, reserved 1134592K
  class space    used 12493K, capacity 13483K, committed 13696K, reserved 1048576K
}
Event: 44.898 GC heap before
{Heap before GC invocations=50 (full 0):
 garbage-first heap   total 152576K, used 117229K [0x0000000080000000, 0x0000000100000000)
  region size 1024K, 9 young (9216K), 3 survivors (3072K)
 Metaspace       used 96764K, capacity 99292K, committed 99752K, reserved 1136640K
  class space    used 12556K, capacity 13560K, committed 13696K, reserved 1048576K
}
Event: 44.904 GC heap after
{Heap after GC invocations=51 (full 0):
 garbage-first heap   total 152576K, used 114144K [0x0000000080000000, 0x0000000100000000)
  region size 1024K, 2 young (2048K), 2 survivors (2048K)
 Metaspace       used 96764K, capacity 99292K, committed 99752K, reserved 1136640K
  class space    used 12556K, capacity 13560K, committed 13696K, reserved 1048576K
}
Event: 44.973 GC heap before
{Heap before GC invocations=51 (full 0):
 garbage-first heap   total 155648K, used 154080K [0x0000000080000000, 0x0000000100000000)
  region size 1024K, 14 young (14336K), 2 survivors (2048K)
 Metaspace       used 97139K, capacity 99725K, committed 100008K, reserved 1136640K
  class space    used 12610K, capacity 13600K, committed 13696K, reserved 1048576K
}
Event: 44.981 GC heap after
{Heap after GC invocations=52 (full 0):
 garbage-first heap   total 193536K, used 128115K [0x0000000080000000, 0x0000000100000000)
  region size 1024K, 2 young (2048K), 2 survivors (2048K)
 Metaspace       used 97139K, capacity 99725K, committed 100008K, reserved 1136640K
  class space    used 12610K, capacity 13600K, committed 13696K, reserved 1048576K
}
Event: 45.344 GC heap before
{Heap before GC invocations=53 (full 0):
 garbage-first heap   total 193536K, used 150643K [0x0000000080000000, 0x0000000100000000)
  region size 1024K, 25 young (25600K), 2 survivors (2048K)
 Metaspace       used 97938K, capacity 100468K, committed 100648K, reserved 1136640K
  class space    used 12714K, capacity 13719K, committed 13824K, reserved 1048576K
}
Event: 45.360 GC heap after
{Heap after GC invocations=54 (full 0):
 garbage-first heap   total 193536K, used 137410K [0x0000000080000000, 0x0000000100000000)
  region size 1024K, 4 young (4096K), 4 survivors (4096K)
 Metaspace       used 97938K, capacity 100468K, committed 100648K, reserved 1136640K
  class space    used 12714K, capacity 13719K, committed 13824K, reserved 1048576K
}
Event: 45.466 GC heap before
{Heap before GC invocations=54 (full 0):
 garbage-first heap   total 193536K, used 149698K [0x0000000080000000, 0x0000000100000000)
  region size 1024K, 17 young (17408K), 4 survivors (4096K)
 Metaspace       used 98006K, capacity 100546K, committed 100904K, reserved 1136640K
  class space    used 12723K, capacity 13724K, committed 13824K, reserved 1048576K
}
Event: 45.482 GC heap after
{Heap after GC invocations=55 (full 0):
 garbage-first heap   total 193536K, used 142567K [0x0000000080000000, 0x0000000100000000)
  region size 1024K, 3 young (3072K), 3 survivors (3072K)
 Metaspace       used 98006K, capacity 100546K, committed 100904K, reserved 1136640K
  class space    used 12723K, capacity 13724K, committed 13824K, reserved 1048576K
}
Event: 45.652 GC heap before
{Heap before GC invocations=55 (full 0):
 garbage-first heap   total 193536K, used 158951K [0x0000000080000000, 0x0000000100000000)
  region size 1024K, 18 young (18432K), 3 survivors (3072K)
 Metaspace       used 98051K, capacity 100616K, committed 100904K, reserved 1136640K
  class space    used 12729K, capacity 13726K, committed 13824K, reserved 1048576K
}
Event: 45.669 GC heap after
{Heap after GC invocations=56 (full 0):
 garbage-first heap   total 193536K, used 151125K [0x0000000080000000, 0x0000000100000000)
  region size 1024K, 3 young (3072K), 3 survivors (3072K)
 Metaspace       used 98051K, capacity 100616K, committed 100904K, reserved 1136640K
  class space    used 12729K, capacity 13726K, committed 13824K, reserved 1048576K
}
Event: 45.980 GC heap before
{Heap before GC invocations=57 (full 0):
 garbage-first heap   total 193536K, used 161365K [0x0000000080000000, 0x0000000100000000)
  region size 1024K, 14 young (14336K), 3 survivors (3072K)
 Metaspace       used 100276K, capacity 102917K, committed 103208K, reserved 1138688K
  class space    used 13205K, capacity 14247K, committed 14336K, reserved 1048576K
}
Event: 45.996 GC heap after
{Heap after GC invocations=58 (full 0):
 garbage-first heap   total 266240K, used 154403K [0x0000000080000000, 0x0000000100000000)
  region size 1024K, 2 young (2048K), 2 survivors (2048K)
 Metaspace       used 100276K, capacity 102917K, committed 103208K, reserved 1138688K
  class space    used 13205K, capacity 14247K, committed 14336K, reserved 1048576K
}
Event: 46.240 GC heap before
{Heap before GC invocations=58 (full 0):
 garbage-first heap   total 266240K, used 190243K [0x0000000080000000, 0x0000000100000000)
  region size 1024K, 38 young (38912K), 2 survivors (2048K)
 Metaspace       used 100479K, capacity 103193K, committed 103464K, reserved 1138688K
  class space    used 13207K, capacity 14248K, committed 14336K, reserved 1048576K
}
Event: 46.270 GC heap after
{Heap after GC invocations=59 (full 0):
 garbage-first heap   total 266240K, used 172864K [0x0000000080000000, 0x0000000100000000)
  region size 1024K, 5 young (5120K), 5 survivors (5120K)
 Metaspace       used 100479K, capacity 103193K, committed 103464K, reserved 1138688K
  class space    used 13207K, capacity 14248K, committed 14336K, reserved 1048576K
}
Event: 46.387 GC heap before
{Heap before GC invocations=59 (full 0):
 garbage-first heap   total 266240K, used 202560K [0x0000000080000000, 0x0000000100000000)
  region size 1024K, 34 young (34816K), 5 survivors (5120K)
 Metaspace       used 100496K, capacity 103196K, committed 103464K, reserved 1138688K
  class space    used 13207K, capacity 14248K, committed 14336K, reserved 1048576K
}
Event: 46.418 GC heap after
{Heap after GC invocations=60 (full 0):
 garbage-first heap   total 266240K, used 188721K [0x0000000080000000, 0x0000000100000000)
  region size 1024K, 5 young (5120K), 5 survivors (5120K)
 Metaspace       used 100496K, capacity 103196K, committed 103464K, reserved 1138688K
  class space    used 13207K, capacity 14248K, committed 14336K, reserved 1048576K
}
Event: 46.538 GC heap before
{Heap before GC invocations=60 (full 0):
 garbage-first heap   total 266240K, used 210225K [0x0000000080000000, 0x0000000100000000)
  region size 1024K, 27 young (27648K), 5 survivors (5120K)
 Metaspace       used 100499K, capacity 103196K, committed 103464K, reserved 1138688K
  class space    used 13207K, capacity 14248K, committed 14336K, reserved 1048576K
}
Event: 46.559 GC heap after
{Heap after GC invocations=61 (full 0):
 garbage-first heap   total 266240K, used 201059K [0x0000000080000000, 0x0000000100000000)
  region size 1024K, 4 young (4096K), 4 survivors (4096K)
 Metaspace       used 100499K, capacity 103196K, committed 103464K, reserved 1138688K
  class space    used 13207K, capacity 14248K, committed 14336K, reserved 1048576K
}
Event: 47.206 GC heap before
{Heap before GC invocations=62 (full 0):
 garbage-first heap   total 266240K, used 218467K [0x0000000080000000, 0x0000000100000000)
  region size 1024K, 21 young (21504K), 4 survivors (4096K)
 Metaspace       used 102833K, capacity 105592K, committed 105896K, reserved 1140736K
  class space    used 13530K, capacity 14594K, committed 14720K, reserved 1048576K
}

Deoptimization events (20 events):
Event: 46.814 Thread 0x0000023913815000 Uncommon trap: trap_request=0xffffff4d fr.pc=0x0000023907da4184 relative=0x0000000000000584
Event: 46.814 Thread 0x0000023913815000 Uncommon trap: reason=unstable_if action=reinterpret pc=0x0000023907da4184 method=sun.security.provider.DigestBase.engineUpdate([BII)V @ 1 c2
Event: 46.814 Thread 0x0000023913815000 DEOPT PACKING pc=0x0000023907da4184 sp=0x0000007680efd550
Event: 46.814 Thread 0x0000023913815000 DEOPT UNPACKING pc=0x00000239000085af sp=0x0000007680efd528 mode 2
Event: 46.824 Thread 0x0000023913815000 Uncommon trap: trap_request=0xffffffde fr.pc=0x00000239082d35e4 relative=0x0000000000000284
Event: 46.824 Thread 0x0000023913815000 Uncommon trap: reason=class_check action=maybe_recompile pc=0x00000239082d35e4 method=java.util.Map.computeIfAbsent(Ljava/lang/Object;Ljava/util/function/Function;)Ljava/lang/Object; @ 7 c2
Event: 46.828 Thread 0x0000023913815000 DEOPT PACKING pc=0x00000239082d35e4 sp=0x0000007680efd890
Event: 46.828 Thread 0x0000023913815000 DEOPT UNPACKING pc=0x00000239000085af sp=0x0000007680efd848 mode 2
Event: 46.829 Thread 0x0000023913815000 Uncommon trap: trap_request=0xffffffde fr.pc=0x00000239082d35e4 relative=0x0000000000000284
Event: 46.829 Thread 0x0000023913815000 Uncommon trap: reason=class_check action=maybe_recompile pc=0x00000239082d35e4 method=java.util.Map.computeIfAbsent(Ljava/lang/Object;Ljava/util/function/Function;)Ljava/lang/Object; @ 7 c2
Event: 46.829 Thread 0x0000023913815000 DEOPT PACKING pc=0x00000239082d35e4 sp=0x0000007680efd890
Event: 46.829 Thread 0x0000023913815000 DEOPT UNPACKING pc=0x00000239000085af sp=0x0000007680efd848 mode 2
Event: 46.829 Thread 0x0000023913815000 Uncommon trap: trap_request=0xffffffde fr.pc=0x00000239082d35e4 relative=0x0000000000000284
Event: 46.829 Thread 0x0000023913815000 Uncommon trap: reason=class_check action=maybe_recompile pc=0x00000239082d35e4 method=java.util.Map.computeIfAbsent(Ljava/lang/Object;Ljava/util/function/Function;)Ljava/lang/Object; @ 7 c2
Event: 46.829 Thread 0x0000023913815000 DEOPT PACKING pc=0x00000239082d35e4 sp=0x0000007680efd890
Event: 46.829 Thread 0x0000023913815000 DEOPT UNPACKING pc=0x00000239000085af sp=0x0000007680efd848 mode 2
Event: 46.829 Thread 0x0000023913815000 Uncommon trap: trap_request=0xffffffde fr.pc=0x00000239082d35e4 relative=0x0000000000000284
Event: 46.829 Thread 0x0000023913815000 Uncommon trap: reason=class_check action=maybe_recompile pc=0x00000239082d35e4 method=java.util.Map.computeIfAbsent(Ljava/lang/Object;Ljava/util/function/Function;)Ljava/lang/Object; @ 7 c2
Event: 46.829 Thread 0x0000023913815000 DEOPT PACKING pc=0x00000239082d35e4 sp=0x0000007680efd890
Event: 46.829 Thread 0x0000023913815000 DEOPT UNPACKING pc=0x00000239000085af sp=0x0000007680efd848 mode 2

Classes redefined (0 events):
No events

Internal exceptions (20 events):
Event: 43.186 Thread 0x0000023911fe7800 Exception <a 'sun/nio/fs/WindowsException'{0x000000008790d9f0}> (0x000000008790d9f0) thrown at [src/hotspot/share/prims/jni.cpp, line 617]
Event: 43.186 Thread 0x0000023911fe7800 Exception <a 'sun/nio/fs/WindowsException'{0x000000008790dcf0}> (0x000000008790dcf0) thrown at [src/hotspot/share/prims/jni.cpp, line 617]
Event: 43.223 Thread 0x0000023911fe7800 Exception <a 'java/lang/NoSuchMethodError'{0x00000000878fb128}: <clinit>> (0x00000000878fb128) thrown at [src/hotspot/share/prims/jni.cpp, line 1367]
Event: 43.226 Thread 0x0000023911fe7800 Exception <a 'java/lang/NoSuchMethodError'{0x000000008772e9f8}: <clinit>> (0x000000008772e9f8) thrown at [src/hotspot/share/prims/jni.cpp, line 1367]
Event: 43.230 Thread 0x0000023911fe7800 Exception <a 'java/lang/NoSuchMethodError'{0x000000008775c820}: <clinit>> (0x000000008775c820) thrown at [src/hotspot/share/prims/jni.cpp, line 1367]
Event: 43.231 Thread 0x0000023911fe7800 Exception <a 'java/lang/NoSuchMethodError'{0x000000008776f200}: <clinit>> (0x000000008776f200) thrown at [src/hotspot/share/prims/jni.cpp, line 1367]
Event: 44.589 Thread 0x0000023913815000 Exception <a 'sun/nio/fs/WindowsException'{0x0000000088419dd8}> (0x0000000088419dd8) thrown at [src/hotspot/share/prims/jni.cpp, line 617]
Event: 44.683 Thread 0x0000023913815000 Exception <a 'java/lang/NoSuchMethodError'{0x000000008936c228}: 'java.lang.Object java.lang.invoke.DirectMethodHandle$Holder.newInvokeSpecial(java.lang.Object, int)'> (0x000000008936c228) thrown at [src/hotspot/share/interpreter/linkResolver.cpp, line 773]
Event: 44.936 Thread 0x0000023913815000 Exception <a 'java/lang/NoSuchMethodError'{0x000000008922d2b0}: 'java.lang.Object java.lang.invoke.DirectMethodHandle$Holder.invokeStaticInit(java.lang.Object, java.lang.Object, java.lang.Object, java.lang.Object, java.lang.Object, java.lang.Object, java.lang.Object, java.lang.Object, java.lang.Object, java.lang.Object, java.lang.Object, java.lang.Object, java.lang.Object, java.lang.Object, java.lang.Object, java.lang.Object, java.lang.Object, java.lang.Object, java.lang.Object, int, java.lang.Object, java
Event: 45.152 Thread 0x0000023913816000 Exception <a 'java/lang/NoSuchMethodError'{0x000000008b3a28a0}: 'void java.lang.invoke.DirectMethodHandle$Holder.invokeStatic(java.lang.Object, long)'> (0x000000008b3a28a0) thrown at [src/hotspot/share/interpreter/linkResolver.cpp, line 773]
Event: 45.154 Thread 0x0000023913816000 Exception <a 'java/lang/NoSuchMethodError'{0x000000008b3a7d60}: 'java.lang.Object java.lang.invoke.DirectMethodHandle$Holder.invokeStatic(java.lang.Object, long)'> (0x000000008b3a7d60) thrown at [src/hotspot/share/interpreter/linkResolver.cpp, line 773]
Event: 45.154 Thread 0x0000023913816000 Exception <a 'java/lang/NoSuchMethodError'{0x000000008b3ab330}: 'java.lang.Object java.lang.invoke.DirectMethodHandle$Holder.invokeSpecial(java.lang.Object, java.lang.Object, long)'> (0x000000008b3ab330) thrown at [src/hotspot/share/interpreter/linkResolver.cpp, line 773]
Event: 45.157 Thread 0x0000023913816000 Exception <a 'java/lang/NoSuchMethodError'{0x000000008b248458}: 'java.lang.Object java.lang.invoke.DirectMethodHandle$Holder.invokeStaticInit(java.lang.Object, java.lang.Object, long, java.lang.Object)'> (0x000000008b248458) thrown at [src/hotspot/share/interpreter/linkResolver.cpp, line 773]
Event: 45.411 Thread 0x0000023913816000 Exception <a 'java/lang/NoSuchMethodError'{0x000000008b51a420}: 'int java.lang.invoke.DirectMethodHandle$Holder.invokeSpecialIFC(java.lang.Object, java.lang.Object, java.lang.Object)'> (0x000000008b51a420) thrown at [src/hotspot/share/interpreter/linkResolver.cpp, line 773]
Event: 45.671 Thread 0x000002391381a800 Exception <a 'java/lang/IncompatibleClassChangeError'{0x000000008bc59758}: Found class java.lang.Object, but interface was expected> (0x000000008bc59758) thrown at [src/hotspot/share/interpreter/linkResolver.cpp, line 839]
Event: 45.671 Thread 0x0000023913819000 Exception <a 'java/lang/IncompatibleClassChangeError'{0x000000008bc5ba50}: Found class java.lang.Object, but interface was expected> (0x000000008bc5ba50) thrown at [src/hotspot/share/interpreter/linkResolver.cpp, line 839]
Event: 45.769 Thread 0x0000023913819000 Exception <a 'java/lang/IncompatibleClassChangeError'{0x000000008bae2a28}: Found class java.lang.Object, but interface was expected> (0x000000008bae2a28) thrown at [src/hotspot/share/interpreter/linkResolver.cpp, line 839]
Event: 45.770 Thread 0x0000023913819000 Exception <a 'java/lang/IncompatibleClassChangeError'{0x000000008baf09a8}: Found class java.lang.Object, but interface was expected> (0x000000008baf09a8) thrown at [src/hotspot/share/interpreter/linkResolver.cpp, line 839]
Event: 46.934 Thread 0x0000023913815000 Exception <a 'java/lang/NoSuchMethodError'{0x000000008fc57760}: 'void java.lang.invoke.DirectMethodHandle$Holder.invokeStatic(java.lang.Object, java.lang.Object, java.lang.Object, int)'> (0x000000008fc57760) thrown at [src/hotspot/share/interpreter/linkResolver.cpp, line 773]
Event: 46.938 Thread 0x0000023913815000 Exception <a 'java/lang/IncompatibleClassChangeError'{0x000000008fc5f858}: Found class java.lang.Object, but interface was expected> (0x000000008fc5f858) thrown at [src/hotspot/share/interpreter/linkResolver.cpp, line 839]

Events (20 events):
Event: 47.176 Executing coalesced safepoint VM operation: RevokeBias
Event: 47.176 Executing coalesced safepoint VM operation: RevokeBias done
Event: 47.176 Executing coalesced safepoint VM operation: RevokeBias
Event: 47.177 Executing coalesced safepoint VM operation: RevokeBias done
Event: 47.177 Executing coalesced safepoint VM operation: RevokeBias
Event: 47.177 Executing coalesced safepoint VM operation: RevokeBias done
Event: 47.177 Executing coalesced safepoint VM operation: RevokeBias
Event: 47.177 Executing coalesced safepoint VM operation: RevokeBias done
Event: 47.177 Executing coalesced safepoint VM operation: RevokeBias
Event: 47.177 Executing coalesced safepoint VM operation: RevokeBias done
Event: 47.177 Executing VM operation: RevokeBias done
Event: 47.177 Executing VM operation: BulkRevokeBias
Event: 47.180 Executing coalesced safepoint VM operation: RevokeBias
Event: 47.180 Executing coalesced safepoint VM operation: RevokeBias done
Event: 47.180 Executing coalesced safepoint VM operation: RevokeBias
Event: 47.180 Executing coalesced safepoint VM operation: RevokeBias done
Event: 47.180 Executing coalesced safepoint VM operation: RevokeBias
Event: 47.180 Executing coalesced safepoint VM operation: RevokeBias done
Event: 47.180 Executing VM operation: BulkRevokeBias done
Event: 47.206 Executing VM operation: G1CollectForAllocation


Dynamic libraries:
0x00007ff6b75c0000 - 0x00007ff6b75ca000 	C:\Program Files\Android\Android Studio1\jbr\bin\java.exe
0x00007ffbd7120000 - 0x00007ffbd7329000 	C:\WINDOWS\SYSTEM32\ntdll.dll
0x00007ffbd5260000 - 0x00007ffbd531e000 	C:\WINDOWS\System32\KERNEL32.DLL
0x00007ffbd4840000 - 0x00007ffbd4bc4000 	C:\WINDOWS\System32\KERNELBASE.dll
0x00007ffbd4600000 - 0x00007ffbd4711000 	C:\WINDOWS\System32\ucrtbase.dll
0x00007ffbd0100000 - 0x00007ffbd0117000 	C:\Program Files\Android\Android Studio1\jbr\bin\jli.dll
0x00007ffbcd800000 - 0x00007ffbcd81b000 	C:\Program Files\Android\Android Studio1\jbr\bin\VCRUNTIME140.dll
0x00007ffbd6f20000 - 0x00007ffbd70cd000 	C:\WINDOWS\System32\USER32.dll
0x00007ffbd45d0000 - 0x00007ffbd45f6000 	C:\WINDOWS\System32\win32u.dll
0x00007ffbbd080000 - 0x00007ffbbd325000 	C:\WINDOWS\WinSxS\amd64_microsoft.windows.common-controls_6595b64144ccf1df_6.0.22000.120_none_9d947278b86cc467\COMCTL32.dll
0x00007ffbd6570000 - 0x00007ffbd6613000 	C:\WINDOWS\System32\msvcrt.dll
0x00007ffbd6b60000 - 0x00007ffbd6b8a000 	C:\WINDOWS\System32\GDI32.dll
0x00007ffbd4720000 - 0x00007ffbd483f000 	C:\WINDOWS\System32\gdi32full.dll
0x00007ffbd4d40000 - 0x00007ffbd4ddd000 	C:\WINDOWS\System32\msvcp_win.dll
0x00007ffbd6c70000 - 0x00007ffbd6ca1000 	C:\WINDOWS\System32\IMM32.DLL
0x00007ffbc8850000 - 0x00007ffbc885c000 	C:\Program Files\Android\Android Studio1\jbr\bin\vcruntime140_1.dll
0x00007ffbac3c0000 - 0x00007ffbac44d000 	C:\Program Files\Android\Android Studio1\jbr\bin\msvcp140.dll
0x00007ffb87940000 - 0x00007ffb884fc000 	C:\Program Files\Android\Android Studio1\jbr\bin\server\jvm.dll
0x00007ffbd5140000 - 0x00007ffbd51ef000 	C:\WINDOWS\System32\ADVAPI32.dll
0x00007ffbd6400000 - 0x00007ffbd649e000 	C:\WINDOWS\System32\sechost.dll
0x00007ffbd69a0000 - 0x00007ffbd6ac1000 	C:\WINDOWS\System32\RPCRT4.dll
0x00007ffbd70d0000 - 0x00007ffbd70d8000 	C:\WINDOWS\System32\PSAPI.DLL
0x00007ffbcbea0000 - 0x00007ffbcbeaa000 	C:\WINDOWS\SYSTEM32\VERSION.dll
0x00007ffbc10d0000 - 0x00007ffbc10d9000 	C:\WINDOWS\SYSTEM32\WSOCK32.dll
0x00007ffbccb10000 - 0x00007ffbccb43000 	C:\WINDOWS\SYSTEM32\WINMM.dll
0x00007ffbd51f0000 - 0x00007ffbd525f000 	C:\WINDOWS\System32\WS2_32.dll
0x00007ffbd3650000 - 0x00007ffbd3668000 	C:\WINDOWS\SYSTEM32\kernel.appcore.dll
0x00007ffbc1020000 - 0x00007ffbc1030000 	C:\Program Files\Android\Android Studio1\jbr\bin\verify.dll
0x00007ffbd2190000 - 0x00007ffbd23b1000 	C:\WINDOWS\SYSTEM32\DBGHELP.DLL
0x00007ffbb8750000 - 0x00007ffbb8781000 	C:\WINDOWS\SYSTEM32\dbgcore.DLL
0x00007ffbd4de0000 - 0x00007ffbd4e5f000 	C:\WINDOWS\System32\bcryptPrimitives.dll
0x00007ffbbc3d0000 - 0x00007ffbbc3f8000 	C:\Program Files\Android\Android Studio1\jbr\bin\java.dll
0x00007ffbc0fd0000 - 0x00007ffbc0fda000 	C:\Program Files\Android\Android Studio1\jbr\bin\jimage.dll
0x00007ffbbb800000 - 0x00007ffbbb818000 	C:\Program Files\Android\Android Studio1\jbr\bin\zip.dll
0x00007ffbd5410000 - 0x00007ffbd5bd5000 	C:\WINDOWS\System32\SHELL32.dll
0x00007ffbd26b0000 - 0x00007ffbd2f14000 	C:\WINDOWS\SYSTEM32\windows.storage.dll
0x00007ffbd6620000 - 0x00007ffbd6996000 	C:\WINDOWS\System32\combase.dll
0x00007ffbd2540000 - 0x00007ffbd26a7000 	C:\WINDOWS\SYSTEM32\wintypes.dll
0x00007ffbd6070000 - 0x00007ffbd615a000 	C:\WINDOWS\System32\SHCORE.dll
0x00007ffbd64b0000 - 0x00007ffbd650d000 	C:\WINDOWS\System32\shlwapi.dll
0x00007ffbd4500000 - 0x00007ffbd4521000 	C:\WINDOWS\SYSTEM32\profapi.dll
0x00007ffbbb7e0000 - 0x00007ffbbb7f9000 	C:\Program Files\Android\Android Studio1\jbr\bin\net.dll
0x00007ffbcd170000 - 0x00007ffbcd283000 	C:\WINDOWS\SYSTEM32\WINHTTP.dll
0x00007ffbd3af0000 - 0x00007ffbd3b57000 	C:\WINDOWS\system32\mswsock.dll
0x00007ffbbb7c0000 - 0x00007ffbbb7d3000 	C:\Program Files\Android\Android Studio1\jbr\bin\nio.dll
0x00007ffbab440000 - 0x00007ffbab467000 	C:\Users\sonal\.gradle\native\e1d6ef7f7dcc3fd88c89a11ec53ec762bb8ba0a96d01ffa2cd45eb1d1d8dd5c5\windows-amd64\native-platform.dll
0x00007ffba1460000 - 0x00007ffba15a4000 	C:\Users\sonal\.gradle\native\0d407fdbe67a94daf76414ababcb853783967236a71b16ec16e742cd7a986fd3\windows-amd64\native-platform-file-events.dll
0x00007ffbc0940000 - 0x00007ffbc094a000 	C:\Program Files\Android\Android Studio1\jbr\bin\management.dll
0x00007ffbc06f0000 - 0x00007ffbc06fb000 	C:\Program Files\Android\Android Studio1\jbr\bin\management_ext.dll
0x00007ffbd3d40000 - 0x00007ffbd3d58000 	C:\WINDOWS\SYSTEM32\CRYPTSP.dll
0x00007ffbd35b0000 - 0x00007ffbd35e5000 	C:\WINDOWS\system32\rsaenh.dll
0x00007ffbd3bf0000 - 0x00007ffbd3c19000 	C:\WINDOWS\SYSTEM32\USERENV.dll
0x00007ffbd3ec0000 - 0x00007ffbd3ee7000 	C:\WINDOWS\SYSTEM32\bcrypt.dll
0x00007ffbd3d60000 - 0x00007ffbd3d6c000 	C:\WINDOWS\SYSTEM32\CRYPTBASE.dll
0x00007ffbd3170000 - 0x00007ffbd319d000 	C:\WINDOWS\SYSTEM32\IPHLPAPI.DLL
0x00007ffbd64a0000 - 0x00007ffbd64a9000 	C:\WINDOWS\System32\NSI.dll
0x00007ffbcd510000 - 0x00007ffbcd529000 	C:\WINDOWS\SYSTEM32\dhcpcsvc6.DLL
0x00007ffbcd820000 - 0x00007ffbcd83e000 	C:\WINDOWS\SYSTEM32\dhcpcsvc.DLL
0x00007ffbd31a0000 - 0x00007ffbd3288000 	C:\WINDOWS\SYSTEM32\DNSAPI.dll
0x00007ffbbb230000 - 0x00007ffbbb247000 	C:\WINDOWS\system32\napinsp.dll
0x00007ffbbb210000 - 0x00007ffbbb22b000 	C:\WINDOWS\system32\pnrpnsp.dll
0x00007ffbba0e0000 - 0x00007ffbba0f2000 	C:\WINDOWS\System32\winrnr.dll
0x00007ffbcb160000 - 0x00007ffbcb175000 	C:\WINDOWS\system32\wshbth.dll
0x00007ffbcd9c0000 - 0x00007ffbcd9df000 	C:\WINDOWS\system32\nlansp_c.dll
0x00007ffbbc700000 - 0x00007ffbbc70a000 	C:\Windows\System32\rasadhlp.dll
0x00007ffbc9a40000 - 0x00007ffbc9ac2000 	C:\WINDOWS\System32\fwpuclnt.dll

dbghelp: loaded successfully - version: 4.0.5 - missing functions: none
symbol engine: initialized successfully - sym options: 0x614 - pdb path: .;C:\Program Files\Android\Android Studio1\jbr\bin;C:\WINDOWS\SYSTEM32;C:\WINDOWS\WinSxS\amd64_microsoft.windows.common-controls_6595b64144ccf1df_6.0.22000.120_none_9d947278b86cc467;C:\Program Files\Android\Android Studio1\jbr\bin\server;C:\Users\sonal\.gradle\native\e1d6ef7f7dcc3fd88c89a11ec53ec762bb8ba0a96d01ffa2cd45eb1d1d8dd5c5\windows-amd64;C:\Users\sonal\.gradle\native\0d407fdbe67a94daf76414ababcb853783967236a71b16ec16e742cd7a986fd3\windows-amd64

VM Arguments:
jvm_args: --add-opens=java.base/java.util=ALL-UNNAMED --add-opens=java.base/java.lang=ALL-UNNAMED --add-opens=java.base/java.lang.invoke=ALL-UNNAMED --add-opens=java.base/java.util=ALL-UNNAMED --add-opens=java.prefs/java.util.prefs=ALL-UNNAMED --add-opens=java.prefs/java.util.prefs=ALL-UNNAMED --add-opens=java.base/java.nio.charset=ALL-UNNAMED --add-opens=java.base/java.net=ALL-UNNAMED --add-opens=java.base/java.util.concurrent.atomic=ALL-UNNAMED -Xmx2048m -Dfile.encoding=UTF-8 -Duser.country=IN -Duser.language=en -Duser.variant 
java_command: org.gradle.launcher.daemon.bootstrap.GradleDaemon 7.5
java_class_path (initial): C:\Users\sonal\.gradle\wrapper\dists\gradle-7.5-bin\f1w0cc9nuo0eivz97x2xlu9sv\gradle-7.5\lib\gradle-launcher-7.5.jar
Launcher Type: SUN_STANDARD

[Global flags]
     intx CICompilerCount                          = 4                                         {product} {ergonomic}
     uint ConcGCThreads                            = 2                                         {product} {ergonomic}
     uint G1ConcRefinementThreads                  = 8                                         {product} {ergonomic}
   size_t G1HeapRegionSize                         = 1048576                                   {product} {ergonomic}
    uintx GCDrainStackTargetSize                   = 64                                        {product} {ergonomic}
   size_t InitialHeapSize                          = 130023424                                 {product} {ergonomic}
   size_t MarkStackSize                            = 4194304                                   {product} {ergonomic}
   size_t MaxHeapSize                              = 2147483648                                {product} {command line}
   size_t MaxNewSize                               = 1287651328                                {product} {ergonomic}
   size_t MinHeapDeltaBytes                        = 1048576                                   {product} {ergonomic}
    uintx NonNMethodCodeHeapSize                   = 5836300                                {pd product} {ergonomic}
    uintx NonProfiledCodeHeapSize                  = 122910970                              {pd product} {ergonomic}
    uintx ProfiledCodeHeapSize                     = 122910970                              {pd product} {ergonomic}
    uintx ReservedCodeCacheSize                    = 251658240                              {pd product} {ergonomic}
     bool SegmentedCodeCache                       = true                                      {product} {ergonomic}
     bool UseCompressedClassPointers               = true                                 {lp64_product} {ergonomic}
     bool UseCompressedOops                        = true                                 {lp64_product} {ergonomic}
     bool UseG1GC                                  = true                                      {product} {ergonomic}
     bool UseLargePagesIndividualAllocation        = false                                  {pd product} {ergonomic}

Logging:
Log output configuration:
 #0: stdout all=warning uptime,level,tags
 #1: stderr all=off uptime,level,tags

Environment Variables:
JAVA_HOME=C:\Program Files\Java\jdk-17.0.1
CLASSPATH=C:\oraclexe\app\oracle\product\10.2.0\server\jdbc\lib\ojdbc14.jar;C:\Program Files\Apache Software Foundation\Tomcat 10.0\lib\servlet-api.jar;
PATH=C:\Program Files\Common Files\Oracle\Java\javapath;C:\WINDOWS;C:\WINDOWS\System32\Wbem;C:\WINDOWS\System32\WindowsPowerShell\v1.0\;C:\WINDOWS\System32\OpenSSH\;C:\Program Files\Apache Software Foundation\Tomcat 10.0\lib\servlet-api.jar;C:\Program Files\Java\jdk-17.0.1\bin;C:\WINDOWS\system32;C:\Program Files\Git\cmd;C:\Program Files\Git\bin;C:\Users\sonal\Python\Python38\Scripts\;C:\Users\sonal\Python\Python38\;%PyCharm%;C:\Program Files\heroku\bin;C:\Users\sonal\AppData\Local\Programs\Microsoft VS Code\bin;C:\Program Files\Java\jdk-17.0.1\bin;C:\Users\sonal\AppData\Local\Microsoft\WindowsApps;
USERNAME=Akshay
OS=Windows_NT
PROCESSOR_IDENTIFIER=Intel64 Family 6 Model 126 Stepping 5, GenuineIntel



---------------  S Y S T E M  ---------------

OS: Windows 11 , 64 bit Build 22000 (10.0.22000.1880)
OS uptime: 1 days 23:06 hours

CPU:total 8 (initial active 8) (4 cores per cpu, 2 threads per core) family 6 model 126 stepping 5 microcode 0xa8, cmov, cx8, fxsr, mmx, sse, sse2, sse3, ssse3, sse4.1, sse4.2, popcnt, avx, avx2, aes, clmul, erms, 3dnowpref, lzcnt, ht, tsc, tscinvbit, bmi1, bmi2, adx, evex, sha, fma

Memory: 4k page, system-wide physical 7880M (414M free)
TotalPageFile size 7880M (AvailPageFile size 5M)
current process WorkingSet (physical memory assigned to process): 549M, peak: 552M
current process commit charge ("private bytes"): 877M, peak: 879M

vm_info: OpenJDK 64-Bit Server VM (11.0.15+0-b2043.56-9505619) for windows-amd64 JRE (11.0.15+0-b2043.56-9505619), built on Jan 19 2023 02:48:00 by "builduser" with unknown MS VC++:1929

END.
